<?xml version='1.0'?>
<ns2:test-suite xmlns:ns2='urn:model.allure.qatools.yandex.ru' start='1584890336151' stop='1584890390604'>
    <name>Add Item by List</name>
    <title>Add Item by List</title>
    <test-cases>
        <test-case start='1584890336151' status='passed' stop='1584890372546'>
            <name>Item should add successfully</name>
            <title>Item should add successfully</title>
            <labels/>
            <parameters/>
            <steps/>
            <attachments>
                <attachment title='Screenshot' source='f18d476d-2fc3-4d2f-80e6-50f1bcc4ebf8-attachment.png' type='image/png' size='149891'/>
            </attachments>
        </test-case>
        <test-case start='1584890372546' status='passed' stop='1584890373001'>
            <name>verify presence list icon </name>
            <title>verify presence list icon </title>
            <labels/>
            <parameters/>
            <steps/>
            <attachments>
                <attachment title='Screenshot' source='d47f096c-9460-4fcb-ac1f-df016a64094f-attachment.png' type='image/png' size='149891'/>
            </attachments>
        </test-case>
        <test-case start='1584890373001' status='passed' stop='1584890373461'>
            <name>verify Display option is present </name>
            <title>verify Display option is present </title>
            <labels/>
            <parameters/>
            <steps/>
            <attachments>
                <attachment title='Screenshot' source='517f00de-d00b-4476-bc6c-ccc2f35449bb-attachment.png' type='image/png' size='149891'/>
            </attachments>
        </test-case>
        <test-case start='1584890373461' status='pending' stop='1584890373462'>
            <name>Verify pagination feature</name>
            <title>Verify pagination feature</title>
            <labels/>
            <parameters/>
            <steps/>
            <attachments/>
            <failure>
                <message>Temporarily disabled with xit</message>
                <stack-trace></stack-trace>
            </failure>
        </test-case>
        <test-case start='1584890373462' status='passed' stop='1584890382124'>
            <name>Click on Product/veryFirstImage Icon</name>
            <title>Click on Product/veryFirstImage Icon</title>
            <labels/>
            <parameters/>
            <steps/>
            <attachments>
                <attachment title='Screenshot' source='ea8a3593-b336-490b-88e1-71581b48434d-attachment.png' type='image/png' size='163099'/>
            </attachments>
        </test-case>
        <test-case start='1584890382124' status='passed' stop='1584890382592'>
            <name>verify UOM element of product description</name>
            <title>verify UOM element of product description</title>
            <labels/>
            <parameters/>
            <steps/>
            <attachments>
                <attachment title='Screenshot' source='fd60f8c1-ec7f-47bb-863c-5e07900b3a71-attachment.png' type='image/png' size='216585'/>
            </attachments>
        </test-case>
        <test-case start='1584890382592' status='passed' stop='1584890383138'>
            <name>verify Status  of product description</name>
            <title>verify Status  of product description</title>
            <labels/>
            <parameters/>
            <steps/>
            <attachments>
                <attachment title='Screenshot' source='c700fd38-796b-44f3-9b61-86d411da7ea6-attachment.png' type='image/png' size='215190'/>
            </attachments>
        </test-case>
        <test-case start='1584890383138' status='passed' stop='1584890390121'>
            <name>Enter Quantity and click to add to cart button</name>
            <title>Enter Quantity and click to add to cart button</title>
            <labels/>
            <parameters/>
            <steps/>
            <attachments>
                <attachment title='Screenshot' source='4dd1ee50-e0b5-4c53-b931-88e2fdeee223-attachment.png' type='image/png' size='168916'/>
            </attachments>
        </test-case>
        <test-case start='1584890390122' status='failed' stop='1584890390603'>
            <name>Validate Error Message if out of stock or any other reson</name>
            <title>Validate Error Message if out of stock or any other reson</title>
            <labels/>
            <parameters/>
            <steps/>
            <attachments>
                <attachment title='Screenshot' source='aa274928-67c6-4271-98e6-c86bb53bcd26-attachment.png' type='image/png' size='166724'/>
            </attachments>
            <failure>
                <message>Expected 'Error
                At least 1 must be ordered.' to contain 'Out of stock'.</message>
                <stack-trace>Error: Failed expectation
                    at C:\Users\NareshS\eclipse-workspace\protrract\Mars_Byer\specs\AddItem\AddItemByList_spec.js:291:18
                    at C:\Users\NareshS\AppData\Roaming\npm\node_modules\protractor\built\element.js:804:32
                    at ManagedPromise.invokeCallback_ (C:\Users\NareshS\AppData\Roaming\npm\node_modules\protractor\node_modules\selenium-webdriver\lib\promise.js:1376:14)
                    at TaskQueue.execute_ (C:\Users\NareshS\AppData\Roaming\npm\node_modules\protractor\node_modules\selenium-webdriver\lib\promise.js:3084:14)
                    at TaskQueue.executeNext_ (C:\Users\NareshS\AppData\Roaming\npm\node_modules\protractor\node_modules\selenium-webdriver\lib\promise.js:3067:27)
                    at C:\Users\NareshS\AppData\Roaming\npm\node_modules\protractor\node_modules\selenium-webdriver\lib\promise.js:2927:27
                    at C:\Users\NareshS\AppData\Roaming\npm\node_modules\protractor\node_modules\selenium-webdriver\lib\promise.js:668:7
                    at processTicksAndRejections (internal/process/task_queues.js:93:5)</stack-trace>
            </failure>
        </test-case>
    </test-cases>
</ns2:test-suite>