<?xml version='1.0'?>
<ns2:test-suite xmlns:ns2='urn:model.allure.qatools.yandex.ru' start='1584972656550' stop='1584972731721'>
    <name>Add Item by Search</name>
    <title>Add Item by Search</title>
    <test-cases>
        <test-case start='1584972656550' status='passed' stop='1584972674724'>
            <name>Search Item </name>
            <title>Search Item </title>
            <labels/>
            <parameters/>
            <steps/>
            <attachments>
                <attachment title='Screenshot' source='8dd1288f-d163-4911-a357-b0fbc1a29ccd-attachment.png' type='image/png' size='30324'/>
            </attachments>
        </test-case>
        <test-case start='1584972674724' status='passed' stop='1584972678681'>
            <name>Verify Item Id</name>
            <title>Verify Item Id</title>
            <labels/>
            <parameters/>
            <steps/>
            <attachments>
                <attachment title='Screenshot' source='608454e5-68b1-460a-8eff-e28f0536192a-attachment.png' type='image/png' size='86536'/>
            </attachments>
        </test-case>
        <test-case start='1584972678681' status='passed' stop='1584972687387'>
            <name>Click on Product/veryFirstImage Icon</name>
            <title>Click on Product/veryFirstImage Icon</title>
            <labels/>
            <parameters/>
            <steps/>
            <attachments>
                <attachment title='Screenshot' source='b4b733f3-35d8-472b-bbfc-d8353ef8d983-attachment.png' type='image/png' size='215087'/>
            </attachments>
        </test-case>
        <test-case start='1584972687387' status='passed' stop='1584972687805'>
            <name>Verifying the counter </name>
            <title>Verifying the counter </title>
            <labels/>
            <parameters/>
            <steps/>
            <attachments>
                <attachment title='Screenshot' source='4e9c5fec-795e-4170-89b3-89ae0e5bb45f-attachment.png' type='image/png' size='215087'/>
            </attachments>
        </test-case>
        <test-case start='1584972687805' status='passed' stop='1584972688249'>
            <name>verify UOM element of product description</name>
            <title>verify UOM element of product description</title>
            <labels/>
            <parameters/>
            <steps/>
            <attachments>
                <attachment title='Screenshot' source='95a575a3-5ce3-4f84-9cfd-ccc3a22de50b-attachment.png' type='image/png' size='215087'/>
            </attachments>
        </test-case>
        <test-case start='1584972688249' status='passed' stop='1584972688768'>
            <name>verify Status  of product description</name>
            <title>verify Status  of product description</title>
            <labels/>
            <parameters/>
            <steps/>
            <attachments>
                <attachment title='Screenshot' source='36d20b68-2b80-44e4-8ad8-dad692e174c5-attachment.png' type='image/png' size='215087'/>
            </attachments>
        </test-case>
        <test-case start='1584972688768' status='failed' stop='1584972707286'>
            <name>TC_004:Verify Add to Cart button is present on the page</name>
            <title>TC_004:Verify Add to Cart button is present on the page</title>
            <labels/>
            <parameters/>
            <steps/>
            <attachments>
                <attachment title='Screenshot' source='c5da59d7-fe52-49d3-ba50-d478b7aa25d3-attachment.png' type='image/png' size='215087'/>
            </attachments>
            <failure>
                <message>Expected false to be truthy.</message>
                <stack-trace>Error: Failed expectation
                    at UserContext.&lt;anonymous> (C:\Users\NareshS\eclipse-workspace\protrract\Mars_Byer\specs\AddItem\AddItemBySearch_spec.js:120:35)
                    at C:\Users\NareshS\AppData\Roaming\npm\node_modules\protractor\node_modules\jasminewd2\index.js:112:25
                    at new ManagedPromise (C:\Users\NareshS\AppData\Roaming\npm\node_modules\protractor\node_modules\selenium-webdriver\lib\promise.js:1077:7)
                    at ControlFlow.promise (C:\Users\NareshS\AppData\Roaming\npm\node_modules\protractor\node_modules\selenium-webdriver\lib\promise.js:2505:12)
                    at schedulerExecute (C:\Users\NareshS\AppData\Roaming\npm\node_modules\protractor\node_modules\jasminewd2\index.js:95:18)
                    at TaskQueue.execute_ (C:\Users\NareshS\AppData\Roaming\npm\node_modules\protractor\node_modules\selenium-webdriver\lib\promise.js:3084:14)
                    at TaskQueue.executeNext_ (C:\Users\NareshS\AppData\Roaming\npm\node_modules\protractor\node_modules\selenium-webdriver\lib\promise.js:3067:27)
                    at C:\Users\NareshS\AppData\Roaming\npm\node_modules\protractor\node_modules\selenium-webdriver\lib\promise.js:2974:25
                    at C:\Users\NareshS\AppData\Roaming\npm\node_modules\protractor\node_modules\selenium-webdriver\lib\promise.js:668:7</stack-trace>
            </failure>
        </test-case>
        <test-case start='1584972707286' status='passed' stop='1584972724112'>
            <name>Enter Quantity and click to add to cart button</name>
            <title>Enter Quantity and click to add to cart button</title>
            <labels/>
            <parameters/>
            <steps/>
            <attachments>
                <attachment title='Screenshot' source='c691d1dd-dd6a-4b04-9c54-6ccf7c0a05d5-attachment.png' type='image/png' size='163926'/>
            </attachments>
        </test-case>
        <test-case start='1584972724112' status='passed' stop='1584972731720'>
            <name>click on cart icon and click on  CheckOut</name>
            <title>click on cart icon and click on  CheckOut</title>
            <labels/>
            <parameters/>
            <steps/>
            <attachments>
                <attachment title='Screenshot' source='07e8d2d9-5478-4833-8c6f-58bf2888a478-attachment.png' type='image/png' size='59933'/>
            </attachments>
        </test-case>
        <test-case start='1584972731720' status='pending' stop='1584972731721'>
            <name>Verify Error Message if Qty&lt;1 or zero</name>
            <title>Verify Error Message if Qty&lt;1 or zero</title>
            <labels/>
            <parameters/>
            <steps/>
            <attachments/>
            <failure>
                <message>Temporarily disabled with xit</message>
                <stack-trace></stack-trace>
            </failure>
        </test-case>
    </test-cases>
</ns2:test-suite>