<?xml version='1.0'?>
<ns2:test-suite xmlns:ns2='urn:model.allure.qatools.yandex.ru' start='1584891200328' stop='1584891250006'>
    <name>Add Item by List</name>
    <title>Add Item by List</title>
    <test-cases>
        <test-case start='1584891200329' status='passed' stop='1584891231049'>
            <name>Item should add successfully</name>
            <title>Item should add successfully</title>
            <labels/>
            <parameters/>
            <steps/>
            <attachments>
                <attachment title='Screenshot' source='8cad1480-88fe-4b75-a83e-98001a7557fd-attachment.png' type='image/png' size='149822'/>
            </attachments>
        </test-case>
        <test-case start='1584891231049' status='passed' stop='1584891231514'>
            <name>verify presence list icon </name>
            <title>verify presence list icon </title>
            <labels/>
            <parameters/>
            <steps/>
            <attachments>
                <attachment title='Screenshot' source='cbb54e8e-eb37-4a4d-a2b1-150b2fe45d35-attachment.png' type='image/png' size='149822'/>
            </attachments>
        </test-case>
        <test-case start='1584891231514' status='passed' stop='1584891231976'>
            <name>verify Display option is present </name>
            <title>verify Display option is present </title>
            <labels/>
            <parameters/>
            <steps/>
            <attachments>
                <attachment title='Screenshot' source='8ae4bb9e-5715-46ca-9711-5a6751a0b848-attachment.png' type='image/png' size='149822'/>
            </attachments>
        </test-case>
        <test-case start='1584891231976' status='pending' stop='1584891231977'>
            <name>Verify pagination feature</name>
            <title>Verify pagination feature</title>
            <labels/>
            <parameters/>
            <steps/>
            <attachments/>
            <failure>
                <message>Temporarily disabled with xit</message>
                <stack-trace></stack-trace>
            </failure>
        </test-case>
        <test-case start='1584891231977' status='passed' stop='1584891240605'>
            <name>Click on Product/veryFirstImage Icon</name>
            <title>Click on Product/veryFirstImage Icon</title>
            <labels/>
            <parameters/>
            <steps/>
            <attachments>
                <attachment title='Screenshot' source='68c12548-3640-40cc-91f7-e9b1ede6318a-attachment.png' type='image/png' size='32336'/>
            </attachments>
        </test-case>
        <test-case start='1584891240605' status='passed' stop='1584891242148'>
            <name>verify UOM element of product description</name>
            <title>verify UOM element of product description</title>
            <labels/>
            <parameters/>
            <steps/>
            <attachments>
                <attachment title='Screenshot' source='9adc544a-7c9e-45a9-8f34-99a28c14c727-attachment.png' type='image/png' size='48537'/>
            </attachments>
        </test-case>
        <test-case start='1584891242148' status='passed' stop='1584891242604'>
            <name>verify Status  of product description</name>
            <title>verify Status  of product description</title>
            <labels/>
            <parameters/>
            <steps/>
            <attachments>
                <attachment title='Screenshot' source='49d3100e-9bcd-47a4-bb15-b953a909b5bf-attachment.png' type='image/png' size='48556'/>
            </attachments>
        </test-case>
        <test-case start='1584891242605' status='passed' stop='1584891249547'>
            <name>Enter Quantity and click to add to cart button</name>
            <title>Enter Quantity and click to add to cart button</title>
            <labels/>
            <parameters/>
            <steps/>
            <attachments>
                <attachment title='Screenshot' source='4066f95a-2499-4b07-87eb-78317b614017-attachment.png' type='image/png' size='226321'/>
            </attachments>
        </test-case>
        <test-case start='1584891249547' status='failed' stop='1584891250006'>
            <name>Validate Error Message if out of stock or any other reson</name>
            <title>Validate Error Message if out of stock or any other reson</title>
            <labels/>
            <parameters/>
            <steps/>
            <attachments>
                <attachment title='Screenshot' source='26685b19-0b70-4b13-973f-d06beb3e36ba-attachment.png' type='image/png' size='222132'/>
            </attachments>
            <failure>
                <message>Expected 'Error
                At least 1 must be ordered.
                Error
                At least 1 must be ordered.' to contain 'Out of stock'.</message>
                <stack-trace>Error: Failed expectation
                    at C:\Users\NareshS\eclipse-workspace\protrract\Mars_Byer\specs\AddItem\AddItemByList_spec.js:291:18
                    at C:\Users\NareshS\AppData\Roaming\npm\node_modules\protractor\built\element.js:804:32
                    at ManagedPromise.invokeCallback_ (C:\Users\NareshS\AppData\Roaming\npm\node_modules\protractor\node_modules\selenium-webdriver\lib\promise.js:1376:14)
                    at TaskQueue.execute_ (C:\Users\NareshS\AppData\Roaming\npm\node_modules\protractor\node_modules\selenium-webdriver\lib\promise.js:3084:14)
                    at TaskQueue.executeNext_ (C:\Users\NareshS\AppData\Roaming\npm\node_modules\protractor\node_modules\selenium-webdriver\lib\promise.js:3067:27)
                    at C:\Users\NareshS\AppData\Roaming\npm\node_modules\protractor\node_modules\selenium-webdriver\lib\promise.js:2927:27
                    at C:\Users\NareshS\AppData\Roaming\npm\node_modules\protractor\node_modules\selenium-webdriver\lib\promise.js:668:7
                    at processTicksAndRejections (internal/process/task_queues.js:93:5)</stack-trace>
            </failure>
        </test-case>
    </test-cases>
</ns2:test-suite>