<?xml version='1.0'?>
<ns2:test-suite xmlns:ns2='urn:model.allure.qatools.yandex.ru' start='1584955057456' stop='1584955101818'>
    <name>CheckOut Verfication</name>
    <title>CheckOut Verfication</title>
    <test-cases>
        <test-case start='1584955057456' status='failed' stop='1584955069975'>
            <name>checkout case for One time Address</name>
            <title>checkout case for One time Address</title>
            <labels/>
            <parameters/>
            <steps/>
            <attachments>
                <attachment title='Screenshot' source='c9ccbf5e-2080-4730-9f91-bd4d6662c4e1-attachment.png' type='image/png' size='215090'/>
            </attachments>
            <failure>
                <message>Failed: No element found using locator: By(xpath, //button[@class='btn btn-primary btn-block mb-4 font-weight-bold'])</message>
                <stack-trace>NoSuchElementError: No element found using locator: By(xpath, //button[@class='btn btn-primary btn-block mb-4 font-weight-bold'])
                    at C:\Users\NareshS\AppData\Roaming\npm\node_modules\protractor\built\element.js:814:27
                    at ManagedPromise.invokeCallback_ (C:\Users\NareshS\AppData\Roaming\npm\node_modules\protractor\node_modules\selenium-webdriver\lib\promise.js:1376:14)
                    at TaskQueue.execute_ (C:\Users\NareshS\AppData\Roaming\npm\node_modules\protractor\node_modules\selenium-webdriver\lib\promise.js:3084:14)
                    at TaskQueue.executeNext_ (C:\Users\NareshS\AppData\Roaming\npm\node_modules\protractor\node_modules\selenium-webdriver\lib\promise.js:3067:27)
                    at C:\Users\NareshS\AppData\Roaming\npm\node_modules\protractor\node_modules\selenium-webdriver\lib\promise.js:2927:27
                    at C:\Users\NareshS\AppData\Roaming\npm\node_modules\protractor\node_modules\selenium-webdriver\lib\promise.js:668:7
                    at processTicksAndRejections (internal/process/task_queues.js:93:5)Error
                    at ElementArrayFinder.applyAction_ (C:\Users\NareshS\AppData\Roaming\npm\node_modules\protractor\built\element.js:459:27)
                    at ElementArrayFinder.&lt;computed> [as isDisplayed] (C:\Users\NareshS\AppData\Roaming\npm\node_modules\protractor\built\element.js:91:29)
                    at ElementFinder.&lt;computed> [as isDisplayed] (C:\Users\NareshS\AppData\Roaming\npm\node_modules\protractor\built\element.js:831:22)
                    at BasePage.click (C:\Users\NareshS\eclipse-workspace\protrract\Mars_Byer\pageobjects\BasePage\BasePage.js:84:22)
                    at addtoCart.clickOnCheckout (C:\Users\NareshS\eclipse-workspace\protrract\Mars_Byer\pageobjects\AddItem\AddItem.js:731:8)
                    at UserContext.&lt;anonymous> (C:\Users\NareshS\eclipse-workspace\protrract\Mars_Byer\specs\Checkout\Checkout_spec.js:39:22)
                    at C:\Users\NareshS\AppData\Roaming\npm\node_modules\protractor\node_modules\jasminewd2\index.js:112:25
                    at new ManagedPromise (C:\Users\NareshS\AppData\Roaming\npm\node_modules\protractor\node_modules\selenium-webdriver\lib\promise.js:1077:7)
                    at ControlFlow.promise (C:\Users\NareshS\AppData\Roaming\npm\node_modules\protractor\node_modules\selenium-webdriver\lib\promise.js:2505:12)
                    at schedulerExecute (C:\Users\NareshS\AppData\Roaming\npm\node_modules\protractor\node_modules\jasminewd2\index.js:95:18)
                From: Task: Run it("checkout case for One time Address") in control flow
                    at UserContext.&lt;anonymous> (C:\Users\NareshS\AppData\Roaming\npm\node_modules\protractor\node_modules\jasminewd2\index.js:94:19)
                    at attempt (C:\Users\NareshS\AppData\Roaming\npm\node_modules\protractor\node_modules\jasmine-core\lib\jasmine-core\jasmine.js:4297:26)
                    at QueueRunner.run (C:\Users\NareshS\AppData\Roaming\npm\node_modules\protractor\node_modules\jasmine-core\lib\jasmine-core\jasmine.js:4217:20)
                    at runNext (C:\Users\NareshS\AppData\Roaming\npm\node_modules\protractor\node_modules\jasmine-core\lib\jasmine-core\jasmine.js:4257:20)
                    at C:\Users\NareshS\AppData\Roaming\npm\node_modules\protractor\node_modules\jasmine-core\lib\jasmine-core\jasmine.js:4264:13
                    at C:\Users\NareshS\AppData\Roaming\npm\node_modules\protractor\node_modules\jasmine-core\lib\jasmine-core\jasmine.js:4172:9
                    at C:\Users\NareshS\AppData\Roaming\npm\node_modules\protractor\node_modules\jasminewd2\index.js:64:48
                    at ControlFlow.emit (C:\Users\NareshS\AppData\Roaming\npm\node_modules\protractor\node_modules\selenium-webdriver\lib\events.js:62:21)
                    at ControlFlow.shutdown_ (C:\Users\NareshS\AppData\Roaming\npm\node_modules\protractor\node_modules\selenium-webdriver\lib\promise.js:2674:10)
                    at C:\Users\NareshS\AppData\Roaming\npm\node_modules\protractor\node_modules\selenium-webdriver\lib\promise.js:2599:53
                From asynchronous test: 
                Error
                    at Suite.&lt;anonymous> (C:\Users\NareshS\eclipse-workspace\protrract\Mars_Byer\specs\Checkout\Checkout_spec.js:36:6)
                    at addSpecsToSuite (C:\Users\NareshS\AppData\Roaming\npm\node_modules\protractor\node_modules\jasmine-core\lib\jasmine-core\jasmine.js:1107:25)
                    at Env.describe (C:\Users\NareshS\AppData\Roaming\npm\node_modules\protractor\node_modules\jasmine-core\lib\jasmine-core\jasmine.js:1074:7)
                    at describe (C:\Users\NareshS\AppData\Roaming\npm\node_modules\protractor\node_modules\jasmine-core\lib\jasmine-core\jasmine.js:4399:18)
                    at Object.&lt;anonymous> (C:\Users\NareshS\eclipse-workspace\protrract\Mars_Byer\specs\Checkout\Checkout_spec.js:19:1)
                    at Module._compile (internal/modules/cjs/loader.js:956:30)
                    at Object.Module._extensions..js (internal/modules/cjs/loader.js:973:10)
                    at Module.load (internal/modules/cjs/loader.js:812:32)
                    at Function.Module._load (internal/modules/cjs/loader.js:724:14)</stack-trace>
            </failure>
        </test-case>
        <test-case start='1584955069975' status='failed' stop='1584955082475'>
            <name>checkout process</name>
            <title>checkout process</title>
            <labels/>
            <parameters/>
            <steps/>
            <attachments>
                <attachment title='Screenshot' source='843bab8c-28e8-4f4a-a66a-cc39f2bd9e6c-attachment.png' type='image/png' size='215090'/>
            </attachments>
            <failure>
                <message>Failed: No element found using locator: By(xpath, //button[@class='btn btn-primary'])</message>
                <stack-trace>NoSuchElementError: No element found using locator: By(xpath, //button[@class='btn btn-primary'])
                    at C:\Users\NareshS\AppData\Roaming\npm\node_modules\protractor\built\element.js:814:27
                    at ManagedPromise.invokeCallback_ (C:\Users\NareshS\AppData\Roaming\npm\node_modules\protractor\node_modules\selenium-webdriver\lib\promise.js:1376:14)
                    at TaskQueue.execute_ (C:\Users\NareshS\AppData\Roaming\npm\node_modules\protractor\node_modules\selenium-webdriver\lib\promise.js:3084:14)
                    at TaskQueue.executeNext_ (C:\Users\NareshS\AppData\Roaming\npm\node_modules\protractor\node_modules\selenium-webdriver\lib\promise.js:3067:27)
                    at C:\Users\NareshS\AppData\Roaming\npm\node_modules\protractor\node_modules\selenium-webdriver\lib\promise.js:2927:27
                    at C:\Users\NareshS\AppData\Roaming\npm\node_modules\protractor\node_modules\selenium-webdriver\lib\promise.js:668:7
                    at processTicksAndRejections (internal/process/task_queues.js:93:5)Error
                    at ElementArrayFinder.applyAction_ (C:\Users\NareshS\AppData\Roaming\npm\node_modules\protractor\built\element.js:459:27)
                    at ElementArrayFinder.&lt;computed> [as click] (C:\Users\NareshS\AppData\Roaming\npm\node_modules\protractor\built\element.js:91:29)
                    at ElementFinder.&lt;computed> [as click] (C:\Users\NareshS\AppData\Roaming\npm\node_modules\protractor\built\element.js:831:22)
                    at CheckOut.clickonsaveAndContinue (C:\Users\NareshS\eclipse-workspace\protrract\Mars_Byer\pageobjects\Checkout\Checkout.js:254:19)
                    at UserContext.&lt;anonymous> (C:\Users\NareshS\eclipse-workspace\protrract\Mars_Byer\specs\Checkout\Checkout_spec.js:57:17)
                    at C:\Users\NareshS\AppData\Roaming\npm\node_modules\protractor\node_modules\jasminewd2\index.js:112:25
                    at new ManagedPromise (C:\Users\NareshS\AppData\Roaming\npm\node_modules\protractor\node_modules\selenium-webdriver\lib\promise.js:1077:7)
                    at ControlFlow.promise (C:\Users\NareshS\AppData\Roaming\npm\node_modules\protractor\node_modules\selenium-webdriver\lib\promise.js:2505:12)
                    at schedulerExecute (C:\Users\NareshS\AppData\Roaming\npm\node_modules\protractor\node_modules\jasminewd2\index.js:95:18)
                    at TaskQueue.execute_ (C:\Users\NareshS\AppData\Roaming\npm\node_modules\protractor\node_modules\selenium-webdriver\lib\promise.js:3084:14)
                From: Task: Run it("checkout process") in control flow
                    at UserContext.&lt;anonymous> (C:\Users\NareshS\AppData\Roaming\npm\node_modules\protractor\node_modules\jasminewd2\index.js:94:19)
                    at attempt (C:\Users\NareshS\AppData\Roaming\npm\node_modules\protractor\node_modules\jasmine-core\lib\jasmine-core\jasmine.js:4297:26)
                    at QueueRunner.run (C:\Users\NareshS\AppData\Roaming\npm\node_modules\protractor\node_modules\jasmine-core\lib\jasmine-core\jasmine.js:4217:20)
                    at runNext (C:\Users\NareshS\AppData\Roaming\npm\node_modules\protractor\node_modules\jasmine-core\lib\jasmine-core\jasmine.js:4257:20)
                    at C:\Users\NareshS\AppData\Roaming\npm\node_modules\protractor\node_modules\jasmine-core\lib\jasmine-core\jasmine.js:4264:13
                    at C:\Users\NareshS\AppData\Roaming\npm\node_modules\protractor\node_modules\jasmine-core\lib\jasmine-core\jasmine.js:4172:9
                    at C:\Users\NareshS\AppData\Roaming\npm\node_modules\protractor\node_modules\jasminewd2\index.js:64:48
                    at ControlFlow.emit (C:\Users\NareshS\AppData\Roaming\npm\node_modules\protractor\node_modules\selenium-webdriver\lib\events.js:62:21)
                    at ControlFlow.shutdown_ (C:\Users\NareshS\AppData\Roaming\npm\node_modules\protractor\node_modules\selenium-webdriver\lib\promise.js:2674:10)
                    at C:\Users\NareshS\AppData\Roaming\npm\node_modules\protractor\node_modules\selenium-webdriver\lib\promise.js:2599:53
                From asynchronous test: 
                Error
                    at Suite.&lt;anonymous> (C:\Users\NareshS\eclipse-workspace\protrract\Mars_Byer\specs\Checkout\Checkout_spec.js:55:4)
                    at addSpecsToSuite (C:\Users\NareshS\AppData\Roaming\npm\node_modules\protractor\node_modules\jasmine-core\lib\jasmine-core\jasmine.js:1107:25)
                    at Env.describe (C:\Users\NareshS\AppData\Roaming\npm\node_modules\protractor\node_modules\jasmine-core\lib\jasmine-core\jasmine.js:1074:7)
                    at describe (C:\Users\NareshS\AppData\Roaming\npm\node_modules\protractor\node_modules\jasmine-core\lib\jasmine-core\jasmine.js:4399:18)
                    at Object.&lt;anonymous> (C:\Users\NareshS\eclipse-workspace\protrract\Mars_Byer\specs\Checkout\Checkout_spec.js:19:1)
                    at Module._compile (internal/modules/cjs/loader.js:956:30)
                    at Object.Module._extensions..js (internal/modules/cjs/loader.js:973:10)
                    at Module.load (internal/modules/cjs/loader.js:812:32)
                    at Function.Module._load (internal/modules/cjs/loader.js:724:14)</stack-trace>
            </failure>
        </test-case>
        <test-case start='1584955082475' status='passed' stop='1584955088933'>
            <name>Verify order has submitted</name>
            <title>Verify order has submitted</title>
            <labels/>
            <parameters/>
            <steps/>
            <attachments>
                <attachment title='Screenshot' source='400fb439-2b96-4635-8bcb-d0e65be12b00-attachment.png' type='image/png' size='215090'/>
            </attachments>
        </test-case>
        <test-case start='1584955088933' status='passed' stop='1584955095368'>
            <name>Verify submited order Number </name>
            <title>Verify submited order Number </title>
            <labels/>
            <parameters/>
            <steps/>
            <attachments>
                <attachment title='Screenshot' source='033648f7-ed1a-498f-b5e3-4a70802f915a-attachment.png' type='image/png' size='215090'/>
            </attachments>
        </test-case>
        <test-case start='1584955095368' status='passed' stop='1584955101814'>
            <name>Order ID Number Text is present when order is confirmed</name>
            <title>Order ID Number Text is present when order is confirmed</title>
            <labels/>
            <parameters/>
            <steps/>
            <attachments>
                <attachment title='Screenshot' source='adbbfef6-55b0-486d-a2dc-8d1f2e79810f-attachment.png' type='image/png' size='215090'/>
            </attachments>
        </test-case>
        <test-case start='1584955101814' status='pending' stop='1584955101815'>
            <name>Date Submitted Text is present when order is confirmed</name>
            <title>Date Submitted Text is present when order is confirmed</title>
            <labels/>
            <parameters/>
            <steps/>
            <attachments/>
            <failure>
                <message>Temporarily disabled with xit</message>
                <stack-trace></stack-trace>
            </failure>
        </test-case>
        <test-case start='1584955101815' status='pending' stop='1584955101815'>
            <name> Verify Date Submitted  is the current date when order is confirmed</name>
            <title> Verify Date Submitted  is the current date when order is confirmed</title>
            <labels/>
            <parameters/>
            <steps/>
            <attachments/>
            <failure>
                <message>Temporarily disabled with xit</message>
                <stack-trace></stack-trace>
            </failure>
        </test-case>
        <test-case start='1584955101815' status='pending' stop='1584955101816'>
            <name>Shipping Method Text is present when order is confirmed</name>
            <title>Shipping Method Text is present when order is confirmed</title>
            <labels/>
            <parameters/>
            <steps/>
            <attachments/>
            <failure>
                <message>Temporarily disabled with xit</message>
                <stack-trace></stack-trace>
            </failure>
        </test-case>
        <test-case start='1584955101817' status='pending' stop='1584955101817'>
            <name> vrify Shipping Method  is same that user has selected while palcing the order</name>
            <title> vrify Shipping Method  is same that user has selected while palcing the order</title>
            <labels/>
            <parameters/>
            <steps/>
            <attachments/>
            <failure>
                <message>Temporarily disabled with xit</message>
                <stack-trace></stack-trace>
            </failure>
        </test-case>
        <test-case start='1584955101817' status='pending' stop='1584955101817'>
            <name>Subtotal Text is present when order is confirmed</name>
            <title>Subtotal Text is present when order is confirmed</title>
            <labels/>
            <parameters/>
            <steps/>
            <attachments/>
            <failure>
                <message>Temporarily disabled with xit</message>
                <stack-trace></stack-trace>
            </failure>
        </test-case>
        <test-case start='1584955101817' status='pending' stop='1584955101818'>
            <name> verify Subtotal value is correct</name>
            <title> verify Subtotal value is correct</title>
            <labels/>
            <parameters/>
            <steps/>
            <attachments/>
            <failure>
                <message>Temporarily disabled with xit</message>
                <stack-trace></stack-trace>
            </failure>
        </test-case>
        <test-case start='1584955101818' status='pending' stop='1584955101818'>
            <name> verify print option</name>
            <title> verify print option</title>
            <labels/>
            <parameters/>
            <steps/>
            <attachments/>
            <failure>
                <message>Temporarily disabled with xit</message>
                <stack-trace></stack-trace>
            </failure>
        </test-case>
    </test-cases>
</ns2:test-suite>