<?xml version='1.0'?>
<ns2:test-suite xmlns:ns2='urn:model.allure.qatools.yandex.ru' start='1584972286789' stop='1584972366101'>
    <name>Add Item by Search</name>
    <title>Add Item by Search</title>
    <test-cases>
        <test-case start='1584972286789' status='passed' stop='1584972306022'>
            <name>Search Item </name>
            <title>Search Item </title>
            <labels/>
            <parameters/>
            <steps/>
            <attachments>
                <attachment title='Screenshot' source='84a849d3-973d-4fc1-a2bc-b9fc4675df22-attachment.png' type='image/png' size='86545'/>
            </attachments>
        </test-case>
        <test-case start='1584972306022' status='passed' stop='1584972306440'>
            <name>Verify Item Id</name>
            <title>Verify Item Id</title>
            <labels/>
            <parameters/>
            <steps/>
            <attachments>
                <attachment title='Screenshot' source='e988db18-eea8-4abc-a6e5-ae8100a42deb-attachment.png' type='image/png' size='86529'/>
            </attachments>
        </test-case>
        <test-case start='1584972306440' status='passed' stop='1584972315094'>
            <name>Click on Product/veryFirstImage Icon</name>
            <title>Click on Product/veryFirstImage Icon</title>
            <labels/>
            <parameters/>
            <steps/>
            <attachments>
                <attachment title='Screenshot' source='1ff602de-475e-4ad9-a75e-00cd0cc22fec-attachment.png' type='image/png' size='215087'/>
            </attachments>
        </test-case>
        <test-case start='1584972315094' status='failed' stop='1584972321535'>
            <name>TC_004:Verify Add to Cart button is present on the page</name>
            <title>TC_004:Verify Add to Cart button is present on the page</title>
            <labels/>
            <parameters/>
            <steps/>
            <attachments>
                <attachment title='Screenshot' source='39b14cb5-0571-45b9-a3df-12b4d93b6b73-attachment.png' type='image/png' size='215087'/>
            </attachments>
            <failure>
                <message>Expected false to be truthy.</message>
                <stack-trace>Error: Failed expectation
                    at UserContext.&lt;anonymous> (C:\Users\NareshS\eclipse-workspace\protrract\Mars_Byer\specs\AddItem\AddItemBySearch_spec.js:82:35)
                    at C:\Users\NareshS\AppData\Roaming\npm\node_modules\protractor\node_modules\jasminewd2\index.js:112:25
                    at new ManagedPromise (C:\Users\NareshS\AppData\Roaming\npm\node_modules\protractor\node_modules\selenium-webdriver\lib\promise.js:1077:7)
                    at ControlFlow.promise (C:\Users\NareshS\AppData\Roaming\npm\node_modules\protractor\node_modules\selenium-webdriver\lib\promise.js:2505:12)
                    at schedulerExecute (C:\Users\NareshS\AppData\Roaming\npm\node_modules\protractor\node_modules\jasminewd2\index.js:95:18)
                    at TaskQueue.execute_ (C:\Users\NareshS\AppData\Roaming\npm\node_modules\protractor\node_modules\selenium-webdriver\lib\promise.js:3084:14)
                    at TaskQueue.executeNext_ (C:\Users\NareshS\AppData\Roaming\npm\node_modules\protractor\node_modules\selenium-webdriver\lib\promise.js:3067:27)
                    at C:\Users\NareshS\AppData\Roaming\npm\node_modules\protractor\node_modules\selenium-webdriver\lib\promise.js:2974:25
                    at C:\Users\NareshS\AppData\Roaming\npm\node_modules\protractor\node_modules\selenium-webdriver\lib\promise.js:668:7</stack-trace>
            </failure>
        </test-case>
        <test-case start='1584972321535' status='passed' stop='1584972322005'>
            <name>Verifying the counter </name>
            <title>Verifying the counter </title>
            <labels/>
            <parameters/>
            <steps/>
            <attachments>
                <attachment title='Screenshot' source='d30b3fe3-9594-4557-94e9-42021160416f-attachment.png' type='image/png' size='215087'/>
            </attachments>
        </test-case>
        <test-case start='1584972322005' status='passed' stop='1584972322496'>
            <name>verify UOM element of product description</name>
            <title>verify UOM element of product description</title>
            <labels/>
            <parameters/>
            <steps/>
            <attachments>
                <attachment title='Screenshot' source='25af07e1-563a-4faa-8b37-6b2163f34a76-attachment.png' type='image/png' size='215087'/>
            </attachments>
        </test-case>
        <test-case start='1584972322496' status='passed' stop='1584972323024'>
            <name>verify Status  of product description</name>
            <title>verify Status  of product description</title>
            <labels/>
            <parameters/>
            <steps/>
            <attachments>
                <attachment title='Screenshot' source='db75ddcc-0e74-4b41-927b-e2e6be5b134b-attachment.png' type='image/png' size='215087'/>
            </attachments>
        </test-case>
        <test-case start='1584972323024' status='failed' stop='1584972341631'>
            <name>TC_004:Verify Add to Cart button is present on the page</name>
            <title>TC_004:Verify Add to Cart button is present on the page</title>
            <labels/>
            <parameters/>
            <steps/>
            <attachments>
                <attachment title='Screenshot' source='e5cddd7a-5d6e-4f8b-aa61-c6400ec7594a-attachment.png' type='image/png' size='215087'/>
            </attachments>
            <failure>
                <message>Expected false to be truthy.</message>
                <stack-trace>Error: Failed expectation
                    at UserContext.&lt;anonymous> (C:\Users\NareshS\eclipse-workspace\protrract\Mars_Byer\specs\AddItem\AddItemBySearch_spec.js:137:35)
                    at C:\Users\NareshS\AppData\Roaming\npm\node_modules\protractor\node_modules\jasminewd2\index.js:112:25
                    at new ManagedPromise (C:\Users\NareshS\AppData\Roaming\npm\node_modules\protractor\node_modules\selenium-webdriver\lib\promise.js:1077:7)
                    at ControlFlow.promise (C:\Users\NareshS\AppData\Roaming\npm\node_modules\protractor\node_modules\selenium-webdriver\lib\promise.js:2505:12)
                    at schedulerExecute (C:\Users\NareshS\AppData\Roaming\npm\node_modules\protractor\node_modules\jasminewd2\index.js:95:18)
                    at TaskQueue.execute_ (C:\Users\NareshS\AppData\Roaming\npm\node_modules\protractor\node_modules\selenium-webdriver\lib\promise.js:3084:14)
                    at TaskQueue.executeNext_ (C:\Users\NareshS\AppData\Roaming\npm\node_modules\protractor\node_modules\selenium-webdriver\lib\promise.js:3067:27)
                    at C:\Users\NareshS\AppData\Roaming\npm\node_modules\protractor\node_modules\selenium-webdriver\lib\promise.js:2974:25
                    at C:\Users\NareshS\AppData\Roaming\npm\node_modules\protractor\node_modules\selenium-webdriver\lib\promise.js:668:7</stack-trace>
            </failure>
        </test-case>
        <test-case start='1584972341631' status='passed' stop='1584972358549'>
            <name>Enter Quantity and click to add to cart button</name>
            <title>Enter Quantity and click to add to cart button</title>
            <labels/>
            <parameters/>
            <steps/>
            <attachments>
                <attachment title='Screenshot' source='b7d78194-d6dd-478f-8c62-60707e515dce-attachment.png' type='image/png' size='166455'/>
            </attachments>
        </test-case>
        <test-case start='1584972358549' status='passed' stop='1584972366100'>
            <name>click on cart icon and click on  CheckOut</name>
            <title>click on cart icon and click on  CheckOut</title>
            <labels/>
            <parameters/>
            <steps/>
            <attachments>
                <attachment title='Screenshot' source='5ad2bf71-018d-4362-b25d-6e905b00e4d4-attachment.png' type='image/png' size='65613'/>
            </attachments>
        </test-case>
        <test-case start='1584972366100' status='pending' stop='1584972366101'>
            <name>Verify Error Message if Qty&lt;1 or zero</name>
            <title>Verify Error Message if Qty&lt;1 or zero</title>
            <labels/>
            <parameters/>
            <steps/>
            <attachments/>
            <failure>
                <message>Temporarily disabled with xit</message>
                <stack-trace></stack-trace>
            </failure>
        </test-case>
    </test-cases>
</ns2:test-suite>