<?xml version='1.0'?>
<ns2:test-suite xmlns:ns2='urn:model.allure.qatools.yandex.ru' start='1584891020292' stop='1584891069550'>
    <name>Add Item by List</name>
    <title>Add Item by List</title>
    <test-cases>
        <test-case start='1584891020292' status='passed' stop='1584891051387'>
            <name>Item should add successfully</name>
            <title>Item should add successfully</title>
            <labels/>
            <parameters/>
            <steps/>
            <attachments>
                <attachment title='Screenshot' source='b0dce456-6517-4a94-a8a4-30030fc754d6-attachment.png' type='image/png' size='149822'/>
            </attachments>
        </test-case>
        <test-case start='1584891051387' status='passed' stop='1584891051855'>
            <name>verify presence list icon </name>
            <title>verify presence list icon </title>
            <labels/>
            <parameters/>
            <steps/>
            <attachments>
                <attachment title='Screenshot' source='3ec92b47-0f70-4c90-8874-62c8b85bb6cd-attachment.png' type='image/png' size='149822'/>
            </attachments>
        </test-case>
        <test-case start='1584891051855' status='passed' stop='1584891052317'>
            <name>verify Display option is present </name>
            <title>verify Display option is present </title>
            <labels/>
            <parameters/>
            <steps/>
            <attachments>
                <attachment title='Screenshot' source='17522679-1780-4a8b-a413-b0a9215ced06-attachment.png' type='image/png' size='149822'/>
            </attachments>
        </test-case>
        <test-case start='1584891052317' status='pending' stop='1584891052318'>
            <name>Verify pagination feature</name>
            <title>Verify pagination feature</title>
            <labels/>
            <parameters/>
            <steps/>
            <attachments/>
            <failure>
                <message>Temporarily disabled with xit</message>
                <stack-trace></stack-trace>
            </failure>
        </test-case>
        <test-case start='1584891052318' status='passed' stop='1584891061020'>
            <name>Click on Product/veryFirstImage Icon</name>
            <title>Click on Product/veryFirstImage Icon</title>
            <labels/>
            <parameters/>
            <steps/>
            <attachments>
                <attachment title='Screenshot' source='25fab8e7-a137-4bf9-968f-0c89bf60ba60-attachment.png' type='image/png' size='94112'/>
            </attachments>
        </test-case>
        <test-case start='1584891061020' status='passed' stop='1584891061520'>
            <name>verify UOM element of product description</name>
            <title>verify UOM element of product description</title>
            <labels/>
            <parameters/>
            <steps/>
            <attachments>
                <attachment title='Screenshot' source='ac7b730a-7cde-4b6f-8049-234d6d8c9fea-attachment.png' type='image/png' size='164034'/>
            </attachments>
        </test-case>
        <test-case start='1584891061520' status='passed' stop='1584891062035'>
            <name>verify Status  of product description</name>
            <title>verify Status  of product description</title>
            <labels/>
            <parameters/>
            <steps/>
            <attachments>
                <attachment title='Screenshot' source='e196caa9-ff83-47f1-8cd6-f1ad11f391e5-attachment.png' type='image/png' size='215104'/>
            </attachments>
        </test-case>
        <test-case start='1584891062035' status='passed' stop='1584891069056'>
            <name>Enter Quantity and click to add to cart button</name>
            <title>Enter Quantity and click to add to cart button</title>
            <labels/>
            <parameters/>
            <steps/>
            <attachments>
                <attachment title='Screenshot' source='9c9a3a72-466d-4a54-93b5-10280d5c9346-attachment.png' type='image/png' size='168776'/>
            </attachments>
        </test-case>
        <test-case start='1584891069056' status='failed' stop='1584891069550'>
            <name>Validate Error Message if out of stock or any other reson</name>
            <title>Validate Error Message if out of stock or any other reson</title>
            <labels/>
            <parameters/>
            <steps/>
            <attachments>
                <attachment title='Screenshot' source='2afea2b0-4048-4c06-8324-981c31e30ba9-attachment.png' type='image/png' size='166790'/>
            </attachments>
            <failure>
                <message>Expected 'Error
                At least 1 must be ordered.' to contain 'Out of stock'.</message>
                <stack-trace>Error: Failed expectation
                    at C:\Users\NareshS\eclipse-workspace\protrract\Mars_Byer\specs\AddItem\AddItemByList_spec.js:291:18
                    at C:\Users\NareshS\AppData\Roaming\npm\node_modules\protractor\built\element.js:804:32
                    at ManagedPromise.invokeCallback_ (C:\Users\NareshS\AppData\Roaming\npm\node_modules\protractor\node_modules\selenium-webdriver\lib\promise.js:1376:14)
                    at TaskQueue.execute_ (C:\Users\NareshS\AppData\Roaming\npm\node_modules\protractor\node_modules\selenium-webdriver\lib\promise.js:3084:14)
                    at TaskQueue.executeNext_ (C:\Users\NareshS\AppData\Roaming\npm\node_modules\protractor\node_modules\selenium-webdriver\lib\promise.js:3067:27)
                    at C:\Users\NareshS\AppData\Roaming\npm\node_modules\protractor\node_modules\selenium-webdriver\lib\promise.js:2927:27
                    at C:\Users\NareshS\AppData\Roaming\npm\node_modules\protractor\node_modules\selenium-webdriver\lib\promise.js:668:7
                    at processTicksAndRejections (internal/process/task_queues.js:93:5)</stack-trace>
            </failure>
        </test-case>
    </test-cases>
</ns2:test-suite>