<?xml version='1.0'?>
<ns2:test-suite xmlns:ns2='urn:model.allure.qatools.yandex.ru' start='1585821527025' stop='1585821581423'>
    <name>Verify user can update  New Address</name>
    <title>Verify user can update  New Address</title>
    <test-cases>
        <test-case start='1585821527025' status='passed' stop='1585821543962'>
            <name>Verify if user can clikc on New Address</name>
            <title>Verify if user can clikc on New Address</title>
            <labels/>
            <parameters/>
            <steps/>
            <attachments>
                <attachment title='Screenshot' source='f087e64f-37c1-4df6-af47-c55ddffcfd00-attachment.png' type='image/png' size='77972'/>
            </attachments>
        </test-case>
        <test-case start='1585821543962' status='failed' stop='1585821544527'>
            <name>user should be able to select country</name>
            <title>user should be able to select country</title>
            <labels/>
            <parameters/>
            <steps/>
            <attachments>
                <attachment title='Screenshot' source='b5e72a6f-c8c4-4424-90e0-3890bd39b188-attachment.png' type='image/png' size='76403'/>
            </attachments>
            <failure>
                <message>Failed: elm is not defined</message>
                <stack-trace>ReferenceError: elm is not defined
                    at C:\Users\NareshS\eclipse-workspace\protrract\Mars_Byer\specs\Address\AddAddress_spec.js:78:15
                    at C:\Users\NareshS\AppData\Roaming\npm\node_modules\protractor\built\element.js:628:33
                    at Array.map (&lt;anonymous>)
                    at C:\Users\NareshS\AppData\Roaming\npm\node_modules\protractor\built\element.js:627:28
                    at ManagedPromise.invokeCallback_ (C:\Users\NareshS\AppData\Roaming\npm\node_modules\protractor\node_modules\selenium-webdriver\lib\promise.js:1376:14)
                    at TaskQueue.execute_ (C:\Users\NareshS\AppData\Roaming\npm\node_modules\protractor\node_modules\selenium-webdriver\lib\promise.js:3084:14)
                    at TaskQueue.executeNext_ (C:\Users\NareshS\AppData\Roaming\npm\node_modules\protractor\node_modules\selenium-webdriver\lib\promise.js:3067:27)
                    at C:\Users\NareshS\AppData\Roaming\npm\node_modules\protractor\node_modules\selenium-webdriver\lib\promise.js:2927:27
                    at C:\Users\NareshS\AppData\Roaming\npm\node_modules\protractor\node_modules\selenium-webdriver\lib\promise.js:668:7
                    at processTicksAndRejections (internal/process/task_queues.js:93:5)
                From: Task: Run it("user should be able to select country") in control flow
                    at UserContext.&lt;anonymous> (C:\Users\NareshS\AppData\Roaming\npm\node_modules\protractor\node_modules\jasminewd2\index.js:94:19)
                    at attempt (C:\Users\NareshS\AppData\Roaming\npm\node_modules\protractor\node_modules\jasmine-core\lib\jasmine-core\jasmine.js:4297:26)
                    at QueueRunner.run (C:\Users\NareshS\AppData\Roaming\npm\node_modules\protractor\node_modules\jasmine-core\lib\jasmine-core\jasmine.js:4217:20)
                    at runNext (C:\Users\NareshS\AppData\Roaming\npm\node_modules\protractor\node_modules\jasmine-core\lib\jasmine-core\jasmine.js:4257:20)
                    at C:\Users\NareshS\AppData\Roaming\npm\node_modules\protractor\node_modules\jasmine-core\lib\jasmine-core\jasmine.js:4264:13
                    at C:\Users\NareshS\AppData\Roaming\npm\node_modules\protractor\node_modules\jasmine-core\lib\jasmine-core\jasmine.js:4172:9
                    at C:\Users\NareshS\AppData\Roaming\npm\node_modules\protractor\node_modules\jasminewd2\index.js:64:48
                    at ControlFlow.emit (C:\Users\NareshS\AppData\Roaming\npm\node_modules\protractor\node_modules\selenium-webdriver\lib\events.js:62:21)
                    at ControlFlow.shutdown_ (C:\Users\NareshS\AppData\Roaming\npm\node_modules\protractor\node_modules\selenium-webdriver\lib\promise.js:2674:10)
                    at C:\Users\NareshS\AppData\Roaming\npm\node_modules\protractor\node_modules\selenium-webdriver\lib\promise.js:2599:53
                From asynchronous test: 
                Error
                    at Suite.&lt;anonymous> (C:\Users\NareshS\eclipse-workspace\protrract\Mars_Byer\specs\Address\AddAddress_spec.js:66:3)
                    at addSpecsToSuite (C:\Users\NareshS\AppData\Roaming\npm\node_modules\protractor\node_modules\jasmine-core\lib\jasmine-core\jasmine.js:1107:25)
                    at Env.describe (C:\Users\NareshS\AppData\Roaming\npm\node_modules\protractor\node_modules\jasmine-core\lib\jasmine-core\jasmine.js:1074:7)
                    at describe (C:\Users\NareshS\AppData\Roaming\npm\node_modules\protractor\node_modules\jasmine-core\lib\jasmine-core\jasmine.js:4399:18)
                    at Object.&lt;anonymous> (C:\Users\NareshS\eclipse-workspace\protrract\Mars_Byer\specs\Address\AddAddress_spec.js:20:1)
                    at Module._compile (internal/modules/cjs/loader.js:956:30)
                    at Object.Module._extensions..js (internal/modules/cjs/loader.js:973:10)
                    at Module.load (internal/modules/cjs/loader.js:812:32)
                    at Function.Module._load (internal/modules/cjs/loader.js:724:14)</stack-trace>
            </failure>
        </test-case>
        <test-case start='1585821544527' status='passed' stop='1585821547109'>
            <name>Enter first Name</name>
            <title>Enter first Name</title>
            <labels/>
            <parameters/>
            <steps/>
            <attachments>
                <attachment title='Screenshot' source='146b2f8c-b4e7-4639-bc13-f93587afd5be-attachment.png' type='image/png' size='76268'/>
            </attachments>
        </test-case>
        <test-case start='1585821547109' status='passed' stop='1585821551676'>
            <name>Enter Last Name</name>
            <title>Enter Last Name</title>
            <labels/>
            <parameters/>
            <steps/>
            <attachments>
                <attachment title='Screenshot' source='15e0e993-0920-4b7c-8e22-ade61518dca0-attachment.png' type='image/png' size='75163'/>
            </attachments>
        </test-case>
        <test-case start='1585821551676' status='passed' stop='1585821554343'>
            <name>Enter Compamy Name</name>
            <title>Enter Compamy Name</title>
            <labels/>
            <parameters/>
            <steps/>
            <attachments>
                <attachment title='Screenshot' source='ce516147-e299-4a8f-ab2c-b50f2392e7a4-attachment.png' type='image/png' size='74119'/>
            </attachments>
        </test-case>
        <test-case start='1585821554343' status='passed' stop='1585821559180'>
            <name>Enter Street  Name</name>
            <title>Enter Street  Name</title>
            <labels/>
            <parameters/>
            <steps/>
            <attachments>
                <attachment title='Screenshot' source='1e67b8ea-d54b-4472-be78-6bfe3392b3b5-attachment.png' type='image/png' size='72328'/>
            </attachments>
        </test-case>
        <test-case start='1585821559181' status='passed' stop='1585821564763'>
            <name>Enter city  Name</name>
            <title>Enter city  Name</title>
            <labels/>
            <parameters/>
            <steps/>
            <attachments>
                <attachment title='Screenshot' source='32d97d91-6a54-444c-9cd8-405910baf2dc-attachment.png' type='image/png' size='72402'/>
            </attachments>
        </test-case>
        <test-case start='1585821564763' status='passed' stop='1585821565481'>
            <name>Select state  Name</name>
            <title>Select state  Name</title>
            <labels/>
            <parameters/>
            <steps/>
            <attachments>
                <attachment title='Screenshot' source='9fc7e2ac-93fc-4a0e-84a4-3d1e9a996704-attachment.png' type='image/png' size='76908'/>
            </attachments>
        </test-case>
        <test-case start='1585821565481' status='passed' stop='1585821568121'>
            <name>Enter zipcode  Name</name>
            <title>Enter zipcode  Name</title>
            <labels/>
            <parameters/>
            <steps/>
            <attachments>
                <attachment title='Screenshot' source='4dd05798-20da-42e6-a4d3-58bf30743c5e-attachment.png' type='image/png' size='71866'/>
            </attachments>
        </test-case>
        <test-case start='1585821568121' status='passed' stop='1585821571709'>
            <name>Enter Fax Number  Name</name>
            <title>Enter Fax Number  Name</title>
            <labels/>
            <parameters/>
            <steps/>
            <attachments>
                <attachment title='Screenshot' source='488e9614-c328-4ee6-ae71-2ca7e3e0d0e2-attachment.png' type='image/png' size='72527'/>
            </attachments>
        </test-case>
        <test-case start='1585821571709' status='passed' stop='1585821572323'>
            <name>Enter E-mail  Name</name>
            <title>Enter E-mail  Name</title>
            <labels/>
            <parameters/>
            <steps/>
            <attachments>
                <attachment title='Screenshot' source='0fa174d3-2d9b-443a-a219-c9cfe3f5798e-attachment.png' type='image/png' size='73429'/>
            </attachments>
        </test-case>
        <test-case start='1585821572323' status='passed' stop='1585821574977'>
            <name>Enter Phone  Name</name>
            <title>Enter Phone  Name</title>
            <labels/>
            <parameters/>
            <steps/>
            <attachments>
                <attachment title='Screenshot' source='1c8212e0-e043-4dd3-b0e4-d8b7f7a312db-attachment.png' type='image/png' size='73616'/>
            </attachments>
        </test-case>
        <test-case start='1585821574977' status='passed' stop='1585821580442'>
            <name>Click on Save button</name>
            <title>Click on Save button</title>
            <labels/>
            <parameters/>
            <steps/>
            <attachments>
                <attachment title='Screenshot' source='06582482-1777-45c7-a6d4-757966d3c453-attachment.png' type='image/png' size='66708'/>
            </attachments>
        </test-case>
        <test-case start='1585821580442' status='passed' stop='1585821580843'>
            <name>Verify URL after click on address</name>
            <title>Verify URL after click on address</title>
            <labels/>
            <parameters/>
            <steps/>
            <attachments>
                <attachment title='Screenshot' source='07274ebf-e12d-40f9-86e1-72d98c4fae15-attachment.png' type='image/png' size='77155'/>
            </attachments>
        </test-case>
        <test-case start='1585821580843' status='failed' stop='1585821581423'>
            <name>User should be select address wheather its original OR suggested </name>
            <title>User should be select address wheather its original OR suggested </title>
            <labels/>
            <parameters/>
            <steps/>
            <attachments>
                <attachment title='Screenshot' source='c0afe210-dfec-478b-838e-dd944cb7e295-attachment.png' type='image/png' size='57369'/>
            </attachments>
            <failure>
                <message>Expected '' to contain 'Use  Original'.</message>
                <stack-trace>Error: Failed expectation
                    at UserContext.&lt;anonymous> (C:\Users\NareshS\eclipse-workspace\protrract\Mars_Byer\specs\Address\AddAddress_spec.js:246:45)
                    at C:\Users\NareshS\AppData\Roaming\npm\node_modules\protractor\node_modules\jasminewd2\index.js:112:25
                    at new ManagedPromise (C:\Users\NareshS\AppData\Roaming\npm\node_modules\protractor\node_modules\selenium-webdriver\lib\promise.js:1077:7)
                    at ControlFlow.promise (C:\Users\NareshS\AppData\Roaming\npm\node_modules\protractor\node_modules\selenium-webdriver\lib\promise.js:2505:12)
                    at schedulerExecute (C:\Users\NareshS\AppData\Roaming\npm\node_modules\protractor\node_modules\jasminewd2\index.js:95:18)
                    at TaskQueue.execute_ (C:\Users\NareshS\AppData\Roaming\npm\node_modules\protractor\node_modules\selenium-webdriver\lib\promise.js:3084:14)
                    at TaskQueue.executeNext_ (C:\Users\NareshS\AppData\Roaming\npm\node_modules\protractor\node_modules\selenium-webdriver\lib\promise.js:3067:27)
                    at C:\Users\NareshS\AppData\Roaming\npm\node_modules\protractor\node_modules\selenium-webdriver\lib\promise.js:2974:25
                    at C:\Users\NareshS\AppData\Roaming\npm\node_modules\protractor\node_modules\selenium-webdriver\lib\promise.js:668:7</stack-trace>
            </failure>
        </test-case>
    </test-cases>
</ns2:test-suite>