<?xml version='1.0'?>
<ns2:test-suite xmlns:ns2='urn:model.allure.qatools.yandex.ru' start='1584963867659' stop='1584963936328'>
    <name>CheckOut Verfication</name>
    <title>CheckOut Verfication</title>
    <test-cases>
        <test-case start='1584963867659' status='passed' stop='1584963870341'>
            <name>checkout case for One time Address</name>
            <title>checkout case for One time Address</title>
            <labels/>
            <parameters/>
            <steps/>
            <attachments>
                <attachment title='Screenshot' source='713719e4-95ba-439f-b9fb-9feab34c220f-attachment.png' type='image/png' size='45317'/>
            </attachments>
        </test-case>
        <test-case start='1584963870341' status='failed' stop='1584963917120'>
            <name>checkout process</name>
            <title>checkout process</title>
            <labels/>
            <parameters/>
            <steps/>
            <attachments>
                <attachment title='Screenshot' source='97263b1b-40d6-4ffa-a918-d9ca028f6389-attachment.png' type='image/png' size='55830'/>
            </attachments>
            <failure>
                <message>Failed: No element found using locator: By(xpath, //button[@class='btn btn-primary mt-4'])</message>
                <stack-trace>NoSuchElementError: No element found using locator: By(xpath, //button[@class='btn btn-primary mt-4'])
                    at C:\Users\NareshS\AppData\Roaming\npm\node_modules\protractor\built\element.js:814:27
                    at ManagedPromise.invokeCallback_ (C:\Users\NareshS\AppData\Roaming\npm\node_modules\protractor\node_modules\selenium-webdriver\lib\promise.js:1376:14)
                    at TaskQueue.execute_ (C:\Users\NareshS\AppData\Roaming\npm\node_modules\protractor\node_modules\selenium-webdriver\lib\promise.js:3084:14)
                    at TaskQueue.executeNext_ (C:\Users\NareshS\AppData\Roaming\npm\node_modules\protractor\node_modules\selenium-webdriver\lib\promise.js:3067:27)
                    at C:\Users\NareshS\AppData\Roaming\npm\node_modules\protractor\node_modules\selenium-webdriver\lib\promise.js:2927:27
                    at C:\Users\NareshS\AppData\Roaming\npm\node_modules\protractor\node_modules\selenium-webdriver\lib\promise.js:668:7
                    at processTicksAndRejections (internal/process/task_queues.js:93:5)Error
                    at ElementArrayFinder.applyAction_ (C:\Users\NareshS\AppData\Roaming\npm\node_modules\protractor\built\element.js:459:27)
                    at ElementArrayFinder.&lt;computed> [as sendKeys] (C:\Users\NareshS\AppData\Roaming\npm\node_modules\protractor\built\element.js:91:29)
                    at ElementFinder.&lt;computed> [as sendKeys] (C:\Users\NareshS\AppData\Roaming\npm\node_modules\protractor\built\element.js:831:22)
                    at CheckOut.clickOnsubmitOrder (C:\Users\NareshS\eclipse-workspace\protrract\Mars_Byer\pageobjects\Checkout\Checkout.js:401:15)
                    at UserContext.&lt;anonymous> (C:\Users\NareshS\eclipse-workspace\protrract\Mars_Byer\specs\Checkout\Checkout_spec.js:93:17)
                    at C:\Users\NareshS\AppData\Roaming\npm\node_modules\protractor\node_modules\jasminewd2\index.js:112:25
                    at new ManagedPromise (C:\Users\NareshS\AppData\Roaming\npm\node_modules\protractor\node_modules\selenium-webdriver\lib\promise.js:1077:7)
                    at ControlFlow.promise (C:\Users\NareshS\AppData\Roaming\npm\node_modules\protractor\node_modules\selenium-webdriver\lib\promise.js:2505:12)
                    at schedulerExecute (C:\Users\NareshS\AppData\Roaming\npm\node_modules\protractor\node_modules\jasminewd2\index.js:95:18)
                    at TaskQueue.execute_ (C:\Users\NareshS\AppData\Roaming\npm\node_modules\protractor\node_modules\selenium-webdriver\lib\promise.js:3084:14)Error
                    at ElementArrayFinder.applyAction_ (C:\Users\NareshS\AppData\Roaming\npm\node_modules\protractor\built\element.js:459:27)
                    at ElementArrayFinder.&lt;computed> [as click] (C:\Users\NareshS\AppData\Roaming\npm\node_modules\protractor\built\element.js:91:29)
                    at ElementFinder.&lt;computed> [as click] (C:\Users\NareshS\AppData\Roaming\npm\node_modules\protractor\built\element.js:831:22)
                    at CheckOut.clickOnsubmitOrder (C:\Users\NareshS\eclipse-workspace\protrract\Mars_Byer\pageobjects\Checkout\Checkout.js:401:26)
                    at UserContext.&lt;anonymous> (C:\Users\NareshS\eclipse-workspace\protrract\Mars_Byer\specs\Checkout\Checkout_spec.js:93:17)
                    at C:\Users\NareshS\AppData\Roaming\npm\node_modules\protractor\node_modules\jasminewd2\index.js:112:25
                    at new ManagedPromise (C:\Users\NareshS\AppData\Roaming\npm\node_modules\protractor\node_modules\selenium-webdriver\lib\promise.js:1077:7)
                    at ControlFlow.promise (C:\Users\NareshS\AppData\Roaming\npm\node_modules\protractor\node_modules\selenium-webdriver\lib\promise.js:2505:12)
                    at schedulerExecute (C:\Users\NareshS\AppData\Roaming\npm\node_modules\protractor\node_modules\jasminewd2\index.js:95:18)
                    at TaskQueue.execute_ (C:\Users\NareshS\AppData\Roaming\npm\node_modules\protractor\node_modules\selenium-webdriver\lib\promise.js:3084:14)
                From: Task: Run it("checkout process") in control flow
                    at UserContext.&lt;anonymous> (C:\Users\NareshS\AppData\Roaming\npm\node_modules\protractor\node_modules\jasminewd2\index.js:94:19)
                    at attempt (C:\Users\NareshS\AppData\Roaming\npm\node_modules\protractor\node_modules\jasmine-core\lib\jasmine-core\jasmine.js:4297:26)
                    at QueueRunner.run (C:\Users\NareshS\AppData\Roaming\npm\node_modules\protractor\node_modules\jasmine-core\lib\jasmine-core\jasmine.js:4217:20)
                    at runNext (C:\Users\NareshS\AppData\Roaming\npm\node_modules\protractor\node_modules\jasmine-core\lib\jasmine-core\jasmine.js:4257:20)
                    at C:\Users\NareshS\AppData\Roaming\npm\node_modules\protractor\node_modules\jasmine-core\lib\jasmine-core\jasmine.js:4264:13
                    at C:\Users\NareshS\AppData\Roaming\npm\node_modules\protractor\node_modules\jasmine-core\lib\jasmine-core\jasmine.js:4172:9
                    at C:\Users\NareshS\AppData\Roaming\npm\node_modules\protractor\node_modules\jasminewd2\index.js:64:48
                    at ControlFlow.emit (C:\Users\NareshS\AppData\Roaming\npm\node_modules\protractor\node_modules\selenium-webdriver\lib\events.js:62:21)
                    at ControlFlow.shutdown_ (C:\Users\NareshS\AppData\Roaming\npm\node_modules\protractor\node_modules\selenium-webdriver\lib\promise.js:2674:10)
                    at C:\Users\NareshS\AppData\Roaming\npm\node_modules\protractor\node_modules\selenium-webdriver\lib\promise.js:2599:53
                From asynchronous test: 
                Error
                    at Suite.&lt;anonymous> (C:\Users\NareshS\eclipse-workspace\protrract\Mars_Byer\specs\Checkout\Checkout_spec.js:55:4)
                    at addSpecsToSuite (C:\Users\NareshS\AppData\Roaming\npm\node_modules\protractor\node_modules\jasmine-core\lib\jasmine-core\jasmine.js:1107:25)
                    at Env.describe (C:\Users\NareshS\AppData\Roaming\npm\node_modules\protractor\node_modules\jasmine-core\lib\jasmine-core\jasmine.js:1074:7)
                    at describe (C:\Users\NareshS\AppData\Roaming\npm\node_modules\protractor\node_modules\jasmine-core\lib\jasmine-core\jasmine.js:4399:18)
                    at Object.&lt;anonymous> (C:\Users\NareshS\eclipse-workspace\protrract\Mars_Byer\specs\Checkout\Checkout_spec.js:19:1)
                    at Module._compile (internal/modules/cjs/loader.js:956:30)
                    at Object.Module._extensions..js (internal/modules/cjs/loader.js:973:10)
                    at Module.load (internal/modules/cjs/loader.js:812:32)
                    at Function.Module._load (internal/modules/cjs/loader.js:724:14)</stack-trace>
            </failure>
        </test-case>
        <test-case start='1584963917120' status='passed' stop='1584963923484'>
            <name>Verify order has submitted</name>
            <title>Verify order has submitted</title>
            <labels/>
            <parameters/>
            <steps/>
            <attachments>
                <attachment title='Screenshot' source='f31bdf2b-8f78-47ba-b108-fc9e9ab187ce-attachment.png' type='image/png' size='57726'/>
            </attachments>
        </test-case>
        <test-case start='1584963923484' status='passed' stop='1584963929918'>
            <name>Verify submited order Number </name>
            <title>Verify submited order Number </title>
            <labels/>
            <parameters/>
            <steps/>
            <attachments>
                <attachment title='Screenshot' source='9ccf49c9-1a61-4e74-ad8f-884ae77d0b7c-attachment.png' type='image/png' size='57726'/>
            </attachments>
        </test-case>
        <test-case start='1584963929918' status='passed' stop='1584963936324'>
            <name>Order ID Number Text is present when order is confirmed</name>
            <title>Order ID Number Text is present when order is confirmed</title>
            <labels/>
            <parameters/>
            <steps/>
            <attachments>
                <attachment title='Screenshot' source='e8697779-67bb-408e-bacd-66325eb91654-attachment.png' type='image/png' size='57726'/>
            </attachments>
        </test-case>
        <test-case start='1584963936324' status='pending' stop='1584963936325'>
            <name>Date Submitted Text is present when order is confirmed</name>
            <title>Date Submitted Text is present when order is confirmed</title>
            <labels/>
            <parameters/>
            <steps/>
            <attachments/>
            <failure>
                <message>Temporarily disabled with xit</message>
                <stack-trace></stack-trace>
            </failure>
        </test-case>
        <test-case start='1584963936325' status='pending' stop='1584963936326'>
            <name> Verify Date Submitted  is the current date when order is confirmed</name>
            <title> Verify Date Submitted  is the current date when order is confirmed</title>
            <labels/>
            <parameters/>
            <steps/>
            <attachments/>
            <failure>
                <message>Temporarily disabled with xit</message>
                <stack-trace></stack-trace>
            </failure>
        </test-case>
        <test-case start='1584963936326' status='pending' stop='1584963936327'>
            <name>Shipping Method Text is present when order is confirmed</name>
            <title>Shipping Method Text is present when order is confirmed</title>
            <labels/>
            <parameters/>
            <steps/>
            <attachments/>
            <failure>
                <message>Temporarily disabled with xit</message>
                <stack-trace></stack-trace>
            </failure>
        </test-case>
        <test-case start='1584963936327' status='pending' stop='1584963936327'>
            <name> vrify Shipping Method  is same that user has selected while palcing the order</name>
            <title> vrify Shipping Method  is same that user has selected while palcing the order</title>
            <labels/>
            <parameters/>
            <steps/>
            <attachments/>
            <failure>
                <message>Temporarily disabled with xit</message>
                <stack-trace></stack-trace>
            </failure>
        </test-case>
        <test-case start='1584963936327' status='pending' stop='1584963936327'>
            <name>Subtotal Text is present when order is confirmed</name>
            <title>Subtotal Text is present when order is confirmed</title>
            <labels/>
            <parameters/>
            <steps/>
            <attachments/>
            <failure>
                <message>Temporarily disabled with xit</message>
                <stack-trace></stack-trace>
            </failure>
        </test-case>
        <test-case start='1584963936328' status='pending' stop='1584963936328'>
            <name> verify Subtotal value is correct</name>
            <title> verify Subtotal value is correct</title>
            <labels/>
            <parameters/>
            <steps/>
            <attachments/>
            <failure>
                <message>Temporarily disabled with xit</message>
                <stack-trace></stack-trace>
            </failure>
        </test-case>
        <test-case start='1584963936328' status='pending' stop='1584963936328'>
            <name> verify print option</name>
            <title> verify print option</title>
            <labels/>
            <parameters/>
            <steps/>
            <attachments/>
            <failure>
                <message>Temporarily disabled with xit</message>
                <stack-trace></stack-trace>
            </failure>
        </test-case>
    </test-cases>
</ns2:test-suite>