<?xml version='1.0'?>
<ns2:test-suite xmlns:ns2='urn:model.allure.qatools.yandex.ru' start='1584869457419' stop='1584869538199'>
    <name> Verifying Home Page </name>
    <title> Verifying Home Page </title>
    <test-cases>
        <test-case start='1584869457419' status='passed' stop='1584869457814'>
            <name>veriy all links present on page</name>
            <title>veriy all links present on page</title>
            <labels/>
            <parameters/>
            <steps/>
            <attachments>
                <attachment title='Screenshot' source='62066b82-e59b-493d-a540-2656b50037be-attachment.png' type='image/png' size='31614'/>
            </attachments>
        </test-case>
        <test-case start='1584869457814' status='passed' stop='1584869458176'>
            <name>should find all links on Home Page</name>
            <title>should find all links on Home Page</title>
            <labels/>
            <parameters/>
            <steps/>
            <attachments>
                <attachment title='Screenshot' source='8ded08f4-d00d-4cf7-ae84-7aaa5303946a-attachment.png' type='image/png' size='31595'/>
            </attachments>
        </test-case>
        <test-case start='1584869458176' status='passed' stop='1584869464567'>
            <name>Verify Presence of Logo text on Home Page</name>
            <title>Verify Presence of Logo text on Home Page</title>
            <labels/>
            <parameters/>
            <steps/>
            <attachments>
                <attachment title='Screenshot' source='cf1e9fd5-028e-4a8e-97e7-5e60c9459e2c-attachment.png' type='image/png' size='31666'/>
            </attachments>
        </test-case>
        <test-case start='1584869464567' status='failed' stop='1584869464921'>
            <name>Verify URL of the Home page once user is logged successfully </name>
            <title>Verify URL of the Home page once user is logged successfully </title>
            <labels/>
            <parameters/>
            <steps/>
            <attachments>
                <attachment title='Screenshot' source='b53e6dc8-2edf-4336-9aea-f8382e81e3ab-attachment.png' type='image/png' size='31666'/>
            </attachments>
            <failure>
                <message>Expected 'https://archway-mars-qa.azurewebsites.net/login' to contain 'https://archway-mars-qa.azurewebsites.net/home'.</message>
                <stack-trace>Error: Failed expectation
                    at C:\Users\NareshS\eclipse-workspace\protrract\Mars_Byer\specs\HomePage\HomePage_spec.js:98:23
                    at ManagedPromise.invokeCallback_ (C:\Users\NareshS\AppData\Roaming\npm\node_modules\protractor\node_modules\selenium-webdriver\lib\promise.js:1376:14)
                    at TaskQueue.execute_ (C:\Users\NareshS\AppData\Roaming\npm\node_modules\protractor\node_modules\selenium-webdriver\lib\promise.js:3084:14)
                    at TaskQueue.executeNext_ (C:\Users\NareshS\AppData\Roaming\npm\node_modules\protractor\node_modules\selenium-webdriver\lib\promise.js:3067:27)
                    at C:\Users\NareshS\AppData\Roaming\npm\node_modules\protractor\node_modules\selenium-webdriver\lib\promise.js:2927:27
                    at C:\Users\NareshS\AppData\Roaming\npm\node_modules\protractor\node_modules\selenium-webdriver\lib\promise.js:668:7
                    at processTicksAndRejections (internal/process/task_queues.js:93:5)</stack-trace>
            </failure>
        </test-case>
        <test-case start='1584869464921' status='passed' stop='1584869468856'>
            <name>Verify BrowseProduct icon is present on the Landing/Home page after Login</name>
            <title>Verify BrowseProduct icon is present on the Landing/Home page after Login</title>
            <labels/>
            <parameters/>
            <steps/>
            <attachments>
                <attachment title='Screenshot' source='9d4a9dde-e384-4a95-ad40-18509733cc78-attachment.png' type='image/png' size='24020'/>
            </attachments>
        </test-case>
        <test-case start='1584869468856' status='passed' stop='1584869469413'>
            <name>Verify Report icon is present on the Landing/Home page after Login</name>
            <title>Verify Report icon is present on the Landing/Home page after Login</title>
            <labels/>
            <parameters/>
            <steps/>
            <attachments>
                <attachment title='Screenshot' source='3e0b486a-5710-470f-9c82-ba7c1cce4e89-attachment.png' type='image/png' size='129368'/>
            </attachments>
        </test-case>
        <test-case start='1584869469413' status='passed' stop='1584869469866'>
            <name>Verify Search Option on Home Page</name>
            <title>Verify Search Option on Home Page</title>
            <labels/>
            <parameters/>
            <steps/>
            <attachments>
                <attachment title='Screenshot' source='95079627-43d4-4d8c-b8d7-2df3e8005377-attachment.png' type='image/png' size='100054'/>
            </attachments>
        </test-case>
        <test-case start='1584869469866' status='passed' stop='1584869470320'>
            <name>Verify Cart Icon</name>
            <title>Verify Cart Icon</title>
            <labels/>
            <parameters/>
            <steps/>
            <attachments>
                <attachment title='Screenshot' source='abe4bb0e-32b5-4e6c-9e51-b30481d02340-attachment.png' type='image/png' size='139633'/>
            </attachments>
        </test-case>
        <test-case start='1584869490266' status='passed' stop='1584869490737'>
            <name>Verify if Item ID and URl contains the Same Product ID</name>
            <title>Verify if Item ID and URl contains the Same Product ID</title>
            <labels/>
            <parameters/>
            <steps/>
            <attachments>
                <attachment title='Screenshot' source='2776814c-3042-4038-a625-194faa248edc-attachment.png' type='image/png' size='201296'/>
            </attachments>
        </test-case>
        <test-case start='1584869490737' status='passed' stop='1584869494318'>
            <name>Click on Mars Icon</name>
            <title>Click on Mars Icon</title>
            <labels/>
            <parameters/>
            <steps/>
            <attachments>
                <attachment title='Screenshot' source='fd0a59b6-001b-4abd-9692-67dc2c30c05a-attachment.png' type='image/png' size='196597'/>
            </attachments>
        </test-case>
        <test-case start='1584869512912' status='passed' stop='1584869513316'>
            <name>should open the first tab</name>
            <title>should open the first tab</title>
            <labels/>
            <parameters/>
            <steps/>
            <attachments>
                <attachment title='Screenshot' source='fd48989c-c110-44bb-baeb-be7d62c0be81-attachment.png' type='image/png' size='43816'/>
            </attachments>
        </test-case>
        <test-case start='1584869523864' status='passed' stop='1584869532704'>
            <name>Refresh the page</name>
            <title>Refresh the page</title>
            <labels/>
            <parameters/>
            <steps/>
            <attachments>
                <attachment title='Screenshot' source='533208c4-1694-46be-a478-7f606834c78e-attachment.png' type='image/png' size='44589'/>
            </attachments>
        </test-case>
        <test-case start='1584869532704' status='failed' stop='1584869533341'>
            <name>Verify  condition of use </name>
            <title>Verify  condition of use </title>
            <labels/>
            <parameters/>
            <steps/>
            <attachments>
                <attachment title='Screenshot' source='bfeec6ef-aa03-4de9-be69-324e939c02ff-attachment.png' type='image/png' size='40734'/>
            </attachments>
            <failure>
                <message>Expected 'https://archway-mars-qa.azurewebsites.net/contact-us' to contain 'http://...'.</message>
                <stack-trace>Error: Failed expectation
                    at C:\Users\NareshS\eclipse-workspace\protrract\Mars_Byer\specs\HomePage\HomePage_spec.js:851:55
                    at ManagedPromise.invokeCallback_ (C:\Users\NareshS\AppData\Roaming\npm\node_modules\protractor\node_modules\selenium-webdriver\lib\promise.js:1376:14)
                    at TaskQueue.execute_ (C:\Users\NareshS\AppData\Roaming\npm\node_modules\protractor\node_modules\selenium-webdriver\lib\promise.js:3084:14)
                    at TaskQueue.executeNext_ (C:\Users\NareshS\AppData\Roaming\npm\node_modules\protractor\node_modules\selenium-webdriver\lib\promise.js:3067:27)
                    at C:\Users\NareshS\AppData\Roaming\npm\node_modules\protractor\node_modules\selenium-webdriver\lib\promise.js:2927:27
                    at C:\Users\NareshS\AppData\Roaming\npm\node_modules\protractor\node_modules\selenium-webdriver\lib\promise.js:668:7
                    at runMicrotasks (&lt;anonymous>)
                    at processTicksAndRejections (internal/process/task_queues.js:93:5)</stack-trace>
            </failure>
        </test-case>
        <test-case start='1584869533341' status='passed' stop='1584869537462'>
            <name>should open the first tab</name>
            <title>should open the first tab</title>
            <labels/>
            <parameters/>
            <steps/>
            <attachments>
                <attachment title='Screenshot' source='04e4e4ca-9c7e-4884-b86e-55e5ff2db0e6-attachment.png' type='image/png' size='43745'/>
            </attachments>
        </test-case>
        <test-case start='1584869537462' status='failed' stop='1584869537841'>
            <name>Verify Privacy Plociy</name>
            <title>Verify Privacy Plociy</title>
            <labels/>
            <parameters/>
            <steps/>
            <attachments>
                <attachment title='Screenshot' source='5f123379-e9fd-407d-b792-7ec3691de6ad-attachment.png' type='image/png' size='43745'/>
            </attachments>
            <failure>
                <message>Failed: invalid selector: Unable to locate an element with the xpath expression //a[contains(text(),'//a[contains(text(),'Privacy Policy')]')] because of the following error:
                SyntaxError: Failed to execute 'evaluate' on 'Document': The string '//a[contains(text(),'//a[contains(text(),'Privacy Policy')]')]' is not a valid XPath expression.
                  (Session info: chrome=80.0.3987.149)
                  (Driver info: chromedriver=80.0.3987.106 (f68069574609230cf9b635cd784cfb1bf81bb53a-refs/branch-heads/3987@{#882}),platform=Windows NT 6.1.7601 SP1 x86_64)</message>
                <stack-trace>InvalidSelectorError: invalid selector: Unable to locate an element with the xpath expression //a[contains(text(),'//a[contains(text(),'Privacy Policy')]')] because of the following error:
                SyntaxError: Failed to execute 'evaluate' on 'Document': The string '//a[contains(text(),'//a[contains(text(),'Privacy Policy')]')]' is not a valid XPath expression.
                  (Session info: chrome=80.0.3987.149)
                  (Driver info: chromedriver=80.0.3987.106 (f68069574609230cf9b635cd784cfb1bf81bb53a-refs/branch-heads/3987@{#882}),platform=Windows NT 6.1.7601 SP1 x86_64)
                    at Object.checkLegacyResponse (C:\Users\NareshS\AppData\Roaming\npm\node_modules\protractor\node_modules\selenium-webdriver\lib\error.js:546:15)
                    at parseHttpResponse (C:\Users\NareshS\AppData\Roaming\npm\node_modules\protractor\node_modules\selenium-webdriver\lib\http.js:509:13)
                    at C:\Users\NareshS\AppData\Roaming\npm\node_modules\protractor\node_modules\selenium-webdriver\lib\http.js:441:30
                    at runMicrotasks (&lt;anonymous>)
                    at processTicksAndRejections (internal/process/task_queues.js:93:5)
                From: Task: WebDriver.findElements(By(xpath, //a[contains(text(),'//a[contains(text(),'Privacy Policy')]')]))
                    at Driver.schedule (C:\Users\NareshS\AppData\Roaming\npm\node_modules\protractor\node_modules\selenium-webdriver\lib\webdriver.js:807:17)
                    at Driver.findElements (C:\Users\NareshS\AppData\Roaming\npm\node_modules\protractor\node_modules\selenium-webdriver\lib\webdriver.js:1048:19)
                    at C:\Users\NareshS\AppData\Roaming\npm\node_modules\protractor\built\element.js:159:44
                    at ManagedPromise.invokeCallback_ (C:\Users\NareshS\AppData\Roaming\npm\node_modules\protractor\node_modules\selenium-webdriver\lib\promise.js:1376:14)
                    at TaskQueue.execute_ (C:\Users\NareshS\AppData\Roaming\npm\node_modules\protractor\node_modules\selenium-webdriver\lib\promise.js:3084:14)
                    at TaskQueue.executeNext_ (C:\Users\NareshS\AppData\Roaming\npm\node_modules\protractor\node_modules\selenium-webdriver\lib\promise.js:3067:27)
                    at C:\Users\NareshS\AppData\Roaming\npm\node_modules\protractor\node_modules\selenium-webdriver\lib\promise.js:2927:27
                    at C:\Users\NareshS\AppData\Roaming\npm\node_modules\protractor\node_modules\selenium-webdriver\lib\promise.js:668:7
                    at runMicrotasks (&lt;anonymous>)
                    at processTicksAndRejections (internal/process/task_queues.js:93:5)
                From: Task: WebDriver.executeScript()
                    at Driver.schedule (C:\Users\NareshS\AppData\Roaming\npm\node_modules\protractor\node_modules\selenium-webdriver\lib\webdriver.js:807:17)
                    at Driver.executeScript (C:\Users\NareshS\AppData\Roaming\npm\node_modules\protractor\node_modules\selenium-webdriver\lib\webdriver.js:878:16)
                    at run (C:\Users\NareshS\AppData\Roaming\npm\node_modules\protractor\built\browser.js:59:33)
                    at ProtractorBrowser.to.&lt;computed> (C:\Users\NareshS\AppData\Roaming\npm\node_modules\protractor\built\browser.js:67:16)
                    at UserContext.&lt;anonymous> (C:\Users\NareshS\eclipse-workspace\protrract\Mars_Byer\specs\HomePage\HomePage_spec.js:880:12)
                    at C:\Users\NareshS\AppData\Roaming\npm\node_modules\protractor\node_modules\jasminewd2\index.js:112:25
                    at new ManagedPromise (C:\Users\NareshS\AppData\Roaming\npm\node_modules\protractor\node_modules\selenium-webdriver\lib\promise.js:1077:7)
                    at ControlFlow.promise (C:\Users\NareshS\AppData\Roaming\npm\node_modules\protractor\node_modules\selenium-webdriver\lib\promise.js:2505:12)
                    at schedulerExecute (C:\Users\NareshS\AppData\Roaming\npm\node_modules\protractor\node_modules\jasminewd2\index.js:95:18)
                    at TaskQueue.execute_ (C:\Users\NareshS\AppData\Roaming\npm\node_modules\protractor\node_modules\selenium-webdriver\lib\promise.js:3084:14)
                From: Task: Run it("Verify Privacy Plociy") in control flow
                    at UserContext.&lt;anonymous> (C:\Users\NareshS\AppData\Roaming\npm\node_modules\protractor\node_modules\jasminewd2\index.js:94:19)
                    at attempt (C:\Users\NareshS\AppData\Roaming\npm\node_modules\protractor\node_modules\jasmine-core\lib\jasmine-core\jasmine.js:4297:26)
                    at QueueRunner.run (C:\Users\NareshS\AppData\Roaming\npm\node_modules\protractor\node_modules\jasmine-core\lib\jasmine-core\jasmine.js:4217:20)
                    at runNext (C:\Users\NareshS\AppData\Roaming\npm\node_modules\protractor\node_modules\jasmine-core\lib\jasmine-core\jasmine.js:4257:20)
                    at C:\Users\NareshS\AppData\Roaming\npm\node_modules\protractor\node_modules\jasmine-core\lib\jasmine-core\jasmine.js:4264:13
                    at C:\Users\NareshS\AppData\Roaming\npm\node_modules\protractor\node_modules\jasmine-core\lib\jasmine-core\jasmine.js:4172:9
                    at C:\Users\NareshS\AppData\Roaming\npm\node_modules\protractor\node_modules\jasminewd2\index.js:64:48
                    at ControlFlow.emit (C:\Users\NareshS\AppData\Roaming\npm\node_modules\protractor\node_modules\selenium-webdriver\lib\events.js:62:21)
                    at ControlFlow.shutdown_ (C:\Users\NareshS\AppData\Roaming\npm\node_modules\protractor\node_modules\selenium-webdriver\lib\promise.js:2674:10)
                    at C:\Users\NareshS\AppData\Roaming\npm\node_modules\protractor\node_modules\selenium-webdriver\lib\promise.js:2599:53
                From asynchronous test: 
                Error
                    at Suite.&lt;anonymous> (C:\Users\NareshS\eclipse-workspace\protrract\Mars_Byer\specs\HomePage\HomePage_spec.js:876:3)
                    at addSpecsToSuite (C:\Users\NareshS\AppData\Roaming\npm\node_modules\protractor\node_modules\jasmine-core\lib\jasmine-core\jasmine.js:1107:25)
                    at Env.describe (C:\Users\NareshS\AppData\Roaming\npm\node_modules\protractor\node_modules\jasmine-core\lib\jasmine-core\jasmine.js:1074:7)
                    at describe (C:\Users\NareshS\AppData\Roaming\npm\node_modules\protractor\node_modules\jasmine-core\lib\jasmine-core\jasmine.js:4399:18)
                    at Object.&lt;anonymous> (C:\Users\NareshS\eclipse-workspace\protrract\Mars_Byer\specs\HomePage\HomePage_spec.js:19:1)
                    at Module._compile (internal/modules/cjs/loader.js:956:30)
                    at Object.Module._extensions..js (internal/modules/cjs/loader.js:973:10)
                    at Module.load (internal/modules/cjs/loader.js:812:32)
                    at Function.Module._load (internal/modules/cjs/loader.js:724:14)</stack-trace>
            </failure>
        </test-case>
        <test-case start='1584869537841' status='passed' stop='1584869538197'>
            <name>should open the first tab</name>
            <title>should open the first tab</title>
            <labels/>
            <parameters/>
            <steps/>
            <attachments>
                <attachment title='Screenshot' source='d72edc38-cef2-4050-bdc7-941cf4ec74f5-attachment.png' type='image/png' size='43745'/>
            </attachments>
        </test-case>
    </test-cases>
</ns2:test-suite>