<?xml version='1.0'?>
<ns2:test-suite xmlns:ns2='urn:model.allure.qatools.yandex.ru' start='1585538328736' stop='1585538348105'>
    <name>Veriy Line Items</name>
    <title>Veriy Line Items</title>
    <test-cases>
        <test-case start='1585538328737' status='failed' stop='1585538341208'>
            <name>User should be  able to click on Cart</name>
            <title>User should be  able to click on Cart</title>
            <labels/>
            <parameters/>
            <steps/>
            <attachments>
                <attachment title='Screenshot' source='ae9bb69b-8f2a-45cc-aa95-b015c42a0bda-attachment.png' type='image/png' size='31521'/>
            </attachments>
            <failure>
                <message>Failed: No element found using locator: By(xpath, //fa-layers[@class='fa-fw fa-layers'])</message>
                <stack-trace>NoSuchElementError: No element found using locator: By(xpath, //fa-layers[@class='fa-fw fa-layers'])
                    at C:\Users\NareshS\AppData\Roaming\npm\node_modules\protractor\built\element.js:814:27
                    at ManagedPromise.invokeCallback_ (C:\Users\NareshS\AppData\Roaming\npm\node_modules\protractor\node_modules\selenium-webdriver\lib\promise.js:1376:14)
                    at TaskQueue.execute_ (C:\Users\NareshS\AppData\Roaming\npm\node_modules\protractor\node_modules\selenium-webdriver\lib\promise.js:3084:14)
                    at TaskQueue.executeNext_ (C:\Users\NareshS\AppData\Roaming\npm\node_modules\protractor\node_modules\selenium-webdriver\lib\promise.js:3067:27)
                    at C:\Users\NareshS\AppData\Roaming\npm\node_modules\protractor\node_modules\selenium-webdriver\lib\promise.js:2927:27
                    at C:\Users\NareshS\AppData\Roaming\npm\node_modules\protractor\node_modules\selenium-webdriver\lib\promise.js:668:7
                    at processTicksAndRejections (internal/process/task_queues.js:93:5)Error
                    at ElementArrayFinder.applyAction_ (C:\Users\NareshS\AppData\Roaming\npm\node_modules\protractor\built\element.js:459:27)
                    at ElementArrayFinder.&lt;computed> [as click] (C:\Users\NareshS\AppData\Roaming\npm\node_modules\protractor\built\element.js:91:29)
                    at ElementFinder.&lt;computed> [as click] (C:\Users\NareshS\AppData\Roaming\npm\node_modules\protractor\built\element.js:831:22)
                    at addtoCart.clickOnCartIcon (C:\Users\NareshS\eclipse-workspace\protrract\Mars_Byer\pageobjects\AddItem\AddItem.js:734:12)
                    at UserContext.&lt;anonymous> (C:\Users\NareshS\eclipse-workspace\protrract\Mars_Byer\specs\Checkout\lineItems_spec.js:35:18)
                    at C:\Users\NareshS\AppData\Roaming\npm\node_modules\protractor\node_modules\jasminewd2\index.js:112:25
                    at new ManagedPromise (C:\Users\NareshS\AppData\Roaming\npm\node_modules\protractor\node_modules\selenium-webdriver\lib\promise.js:1077:7)
                    at ControlFlow.promise (C:\Users\NareshS\AppData\Roaming\npm\node_modules\protractor\node_modules\selenium-webdriver\lib\promise.js:2505:12)
                    at schedulerExecute (C:\Users\NareshS\AppData\Roaming\npm\node_modules\protractor\node_modules\jasminewd2\index.js:95:18)
                    at TaskQueue.execute_ (C:\Users\NareshS\AppData\Roaming\npm\node_modules\protractor\node_modules\selenium-webdriver\lib\promise.js:3084:14)
                From: Task: Run it("User should be  able to click on Cart") in control flow
                    at UserContext.&lt;anonymous> (C:\Users\NareshS\AppData\Roaming\npm\node_modules\protractor\node_modules\jasminewd2\index.js:94:19)
                    at attempt (C:\Users\NareshS\AppData\Roaming\npm\node_modules\protractor\node_modules\jasmine-core\lib\jasmine-core\jasmine.js:4297:26)
                    at QueueRunner.run (C:\Users\NareshS\AppData\Roaming\npm\node_modules\protractor\node_modules\jasmine-core\lib\jasmine-core\jasmine.js:4217:20)
                    at runNext (C:\Users\NareshS\AppData\Roaming\npm\node_modules\protractor\node_modules\jasmine-core\lib\jasmine-core\jasmine.js:4257:20)
                    at C:\Users\NareshS\AppData\Roaming\npm\node_modules\protractor\node_modules\jasmine-core\lib\jasmine-core\jasmine.js:4264:13
                    at C:\Users\NareshS\AppData\Roaming\npm\node_modules\protractor\node_modules\jasmine-core\lib\jasmine-core\jasmine.js:4172:9
                    at C:\Users\NareshS\AppData\Roaming\npm\node_modules\protractor\node_modules\jasminewd2\index.js:64:48
                    at ControlFlow.emit (C:\Users\NareshS\AppData\Roaming\npm\node_modules\protractor\node_modules\selenium-webdriver\lib\events.js:62:21)
                    at ControlFlow.shutdown_ (C:\Users\NareshS\AppData\Roaming\npm\node_modules\protractor\node_modules\selenium-webdriver\lib\promise.js:2674:10)
                    at C:\Users\NareshS\AppData\Roaming\npm\node_modules\protractor\node_modules\selenium-webdriver\lib\promise.js:2599:53
                From asynchronous test: 
                Error
                    at Suite.&lt;anonymous> (C:\Users\NareshS\eclipse-workspace\protrract\Mars_Byer\specs\Checkout\lineItems_spec.js:33:6)
                    at addSpecsToSuite (C:\Users\NareshS\AppData\Roaming\npm\node_modules\protractor\node_modules\jasmine-core\lib\jasmine-core\jasmine.js:1107:25)
                    at Env.describe (C:\Users\NareshS\AppData\Roaming\npm\node_modules\protractor\node_modules\jasmine-core\lib\jasmine-core\jasmine.js:1074:7)
                    at describe (C:\Users\NareshS\AppData\Roaming\npm\node_modules\protractor\node_modules\jasmine-core\lib\jasmine-core\jasmine.js:4399:18)
                    at Object.&lt;anonymous> (C:\Users\NareshS\eclipse-workspace\protrract\Mars_Byer\specs\Checkout\lineItems_spec.js:19:1)
                    at Module._compile (internal/modules/cjs/loader.js:956:30)
                    at Object.Module._extensions..js (internal/modules/cjs/loader.js:973:10)
                    at Module.load (internal/modules/cjs/loader.js:812:32)
                    at Function.Module._load (internal/modules/cjs/loader.js:724:14)</stack-trace>
            </failure>
        </test-case>
        <test-case start='1585538341208' status='failed' stop='1585538341637'>
            <name>Verify user is on shopping cart page</name>
            <title>Verify user is on shopping cart page</title>
            <labels/>
            <parameters/>
            <steps/>
            <attachments>
                <attachment title='Screenshot' source='1ce1549e-c2c5-477e-881f-b4dac793f76e-attachment.png' type='image/png' size='31503'/>
            </attachments>
            <failure>
                <message>Expected 'https://archway-mars-qa.azurewebsites.net/login' to contain 'https://archway-mars-qa.azurewebsites.net/cart'.</message>
                <stack-trace>Error: Failed expectation
                    at C:\Users\NareshS\eclipse-workspace\protrract\Mars_Byer\specs\Checkout\lineItems_spec.js:46:18
                    at ManagedPromise.invokeCallback_ (C:\Users\NareshS\AppData\Roaming\npm\node_modules\protractor\node_modules\selenium-webdriver\lib\promise.js:1376:14)
                    at TaskQueue.execute_ (C:\Users\NareshS\AppData\Roaming\npm\node_modules\protractor\node_modules\selenium-webdriver\lib\promise.js:3084:14)
                    at TaskQueue.executeNext_ (C:\Users\NareshS\AppData\Roaming\npm\node_modules\protractor\node_modules\selenium-webdriver\lib\promise.js:3067:27)
                    at C:\Users\NareshS\AppData\Roaming\npm\node_modules\protractor\node_modules\selenium-webdriver\lib\promise.js:2927:27
                    at C:\Users\NareshS\AppData\Roaming\npm\node_modules\protractor\node_modules\selenium-webdriver\lib\promise.js:668:7
                    at processTicksAndRejections (internal/process/task_queues.js:93:5)</stack-trace>
            </failure>
        </test-case>
        <test-case start='1585538341637' status='pending' stop='1585538341638'>
            <name>verify cancel Order button</name>
            <title>verify cancel Order button</title>
            <labels/>
            <parameters/>
            <steps/>
            <attachments/>
            <failure>
                <message>Temporarily disabled with xit</message>
                <stack-trace></stack-trace>
            </failure>
        </test-case>
        <test-case start='1585538341638' status='passed' stop='1585538348104'>
            <name>Verify Item presence in cart and in line item</name>
            <title>Verify Item presence in cart and in line item</title>
            <labels/>
            <parameters/>
            <steps/>
            <attachments>
                <attachment title='Screenshot' source='c6da9f0e-55d9-4b3a-995a-4f5910b2bbdc-attachment.png' type='image/png' size='184375'/>
            </attachments>
        </test-case>
    </test-cases>
</ns2:test-suite>