<?xml version='1.0'?>
<ns2:test-suite xmlns:ns2='urn:model.allure.qatools.yandex.ru' start='1584799347992' stop='1584799438430'>
    <name> Verifying Home Page </name>
    <title> Verifying Home Page </title>
    <test-cases>
        <test-case start='1584799347992' status='passed' stop='1584799348361'>
            <name>veriy all links present on page</name>
            <title>veriy all links present on page</title>
            <labels/>
            <parameters/>
            <steps/>
            <attachments>
                <attachment title='Screenshot' source='2fc4b2c6-8837-4f31-9a26-02fd504cd900-attachment.png' type='image/png' size='31798'/>
            </attachments>
        </test-case>
        <test-case start='1584799348361' status='passed' stop='1584799348708'>
            <name>should find all links on Home Page</name>
            <title>should find all links on Home Page</title>
            <labels/>
            <parameters/>
            <steps/>
            <attachments>
                <attachment title='Screenshot' source='f4d4cc1e-d385-465f-a425-6e12ac6c4848-attachment.png' type='image/png' size='31734'/>
            </attachments>
        </test-case>
        <test-case start='1584799348708' status='passed' stop='1584799355139'>
            <name>Verify Presence of Logo text on Home Page</name>
            <title>Verify Presence of Logo text on Home Page</title>
            <labels/>
            <parameters/>
            <steps/>
            <attachments>
                <attachment title='Screenshot' source='786c76e0-ec61-44a1-973a-4b181088ae13-attachment.png' type='image/png' size='31555'/>
            </attachments>
        </test-case>
        <test-case start='1584799355139' status='passed' stop='1584799355520'>
            <name>Verify URL of the Home page once user is logged successfully </name>
            <title>Verify URL of the Home page once user is logged successfully </title>
            <labels/>
            <parameters/>
            <steps/>
            <attachments>
                <attachment title='Screenshot' source='f12aed3d-7c3a-48fc-9c42-4bcf2f5abbff-attachment.png' type='image/png' size='23590'/>
            </attachments>
        </test-case>
        <test-case start='1584799355520' status='passed' stop='1584799356118'>
            <name>Verify BrowseProduct icon is present on the Landing/Home page after Login</name>
            <title>Verify BrowseProduct icon is present on the Landing/Home page after Login</title>
            <labels/>
            <parameters/>
            <steps/>
            <attachments>
                <attachment title='Screenshot' source='a86749ad-b996-4b8b-a20e-4af8b30512f1-attachment.png' type='image/png' size='175774'/>
            </attachments>
        </test-case>
        <test-case start='1584799356118' status='passed' stop='1584799356662'>
            <name>Verify Report icon is present on the Landing/Home page after Login</name>
            <title>Verify Report icon is present on the Landing/Home page after Login</title>
            <labels/>
            <parameters/>
            <steps/>
            <attachments>
                <attachment title='Screenshot' source='539d92f5-480e-4cd8-a29c-05ff72b777de-attachment.png' type='image/png' size='175105'/>
            </attachments>
        </test-case>
        <test-case start='1584799356662' status='passed' stop='1584799357180'>
            <name>Verify Search Option on Home Page</name>
            <title>Verify Search Option on Home Page</title>
            <labels/>
            <parameters/>
            <steps/>
            <attachments>
                <attachment title='Screenshot' source='b50b21ad-c2e7-4d9b-9521-f456f3339866-attachment.png' type='image/png' size='263149'/>
            </attachments>
        </test-case>
        <test-case start='1584799357180' status='passed' stop='1584799357704'>
            <name>Verify Cart Icon</name>
            <title>Verify Cart Icon</title>
            <labels/>
            <parameters/>
            <steps/>
            <attachments>
                <attachment title='Screenshot' source='768f2831-0adf-496a-ae07-142145c08edb-attachment.png' type='image/png' size='261890'/>
            </attachments>
        </test-case>
        <test-case start='1584799369760' status='passed' stop='1584799370294'>
            <name>Verify if Item ID and URl contains the Same Product ID</name>
            <title>Verify if Item ID and URl contains the Same Product ID</title>
            <labels/>
            <parameters/>
            <steps/>
            <attachments>
                <attachment title='Screenshot' source='8d54557e-d963-4d06-89b8-716699567edb-attachment.png' type='image/png' size='201275'/>
            </attachments>
        </test-case>
        <test-case start='1584799370294' status='passed' stop='1584799373860'>
            <name>Click on Mars Icon</name>
            <title>Click on Mars Icon</title>
            <labels/>
            <parameters/>
            <steps/>
            <attachments>
                <attachment title='Screenshot' source='a9f6e3b7-ff7e-4074-af6f-c43cb91ec35c-attachment.png' type='image/png' size='196597'/>
            </attachments>
        </test-case>
        <test-case start='1584799396189' status='passed' stop='1584799401427'>
            <name>refresh the browser</name>
            <title>refresh the browser</title>
            <labels/>
            <parameters/>
            <steps/>
            <attachments>
                <attachment title='Screenshot' source='77915ece-0b6d-4800-b690-a085ea12c234-attachment.png' type='image/png' size='30296'/>
            </attachments>
        </test-case>
        <test-case start='1584799414017' status='passed' stop='1584799423175'>
            <name>Refresh the page</name>
            <title>Refresh the page</title>
            <labels/>
            <parameters/>
            <steps/>
            <attachments>
                <attachment title='Screenshot' source='e9ce410e-b98f-4616-ae68-68c7b4bf3ded-attachment.png' type='image/png' size='31944'/>
            </attachments>
        </test-case>
        <test-case start='1584799423175' status='failed' stop='1584799423759'>
            <name>Verify  condition of use pag</name>
            <title>Verify  condition of use pag</title>
            <labels/>
            <parameters/>
            <steps/>
            <attachments>
                <attachment title='Screenshot' source='e1786359-6972-4fe3-934b-6a6601ada77b-attachment.png' type='image/png' size='32503'/>
            </attachments>
            <failure>
                <message>Expected 'https://archway-mars-qa.azurewebsites.net/contact-us' to contain 'https://archway-mars-qa.azurewebsites.net/condition-of-use'.</message>
                <stack-trace>Error: Failed expectation
                    at C:\Users\NareshS\eclipse-workspace\protrract\Mars_Byer\specs\HomePage\HomePage_spec.js:847:19
                    at ManagedPromise.invokeCallback_ (C:\Users\NareshS\AppData\Roaming\npm\node_modules\protractor\node_modules\selenium-webdriver\lib\promise.js:1376:14)
                    at TaskQueue.execute_ (C:\Users\NareshS\AppData\Roaming\npm\node_modules\protractor\node_modules\selenium-webdriver\lib\promise.js:3084:14)
                    at TaskQueue.executeNext_ (C:\Users\NareshS\AppData\Roaming\npm\node_modules\protractor\node_modules\selenium-webdriver\lib\promise.js:3067:27)
                    at C:\Users\NareshS\AppData\Roaming\npm\node_modules\protractor\node_modules\selenium-webdriver\lib\promise.js:2927:27
                    at C:\Users\NareshS\AppData\Roaming\npm\node_modules\protractor\node_modules\selenium-webdriver\lib\promise.js:668:7
                    at runMicrotasks (&lt;anonymous>)
                    at processTicksAndRejections (internal/process/task_queues.js:93:5)</stack-trace>
            </failure>
        </test-case>
        <test-case start='1584799423759' status='passed' stop='1584799438016'>
            <name>Refresh the page</name>
            <title>Refresh the page</title>
            <labels/>
            <parameters/>
            <steps/>
            <attachments>
                <attachment title='Screenshot' source='9735c6ea-e539-4140-8c1c-c2408beeac13-attachment.png' type='image/png' size='53573'/>
            </attachments>
        </test-case>
        <test-case start='1584799438016' status='failed' stop='1584799438430'>
            <name>Verify Privacy Plociy</name>
            <title>Verify Privacy Plociy</title>
            <labels/>
            <parameters/>
            <steps/>
            <attachments>
                <attachment title='Screenshot' source='ca78eda6-c7ca-4e13-9a95-caee4c9e035c-attachment.png' type='image/png' size='51857'/>
            </attachments>
            <failure>
                <message>Failed: invalid selector: Unable to locate an element with the xpath expression //a[contains(text(),'//a[contains(text(),'Privacy Policy')]')] because of the following error:
                SyntaxError: Failed to execute 'evaluate' on 'Document': The string '//a[contains(text(),'//a[contains(text(),'Privacy Policy')]')]' is not a valid XPath expression.
                  (Session info: chrome=80.0.3987.149)
                  (Driver info: chromedriver=80.0.3987.106 (f68069574609230cf9b635cd784cfb1bf81bb53a-refs/branch-heads/3987@{#882}),platform=Windows NT 6.1.7601 SP1 x86_64)</message>
                <stack-trace>InvalidSelectorError: invalid selector: Unable to locate an element with the xpath expression //a[contains(text(),'//a[contains(text(),'Privacy Policy')]')] because of the following error:
                SyntaxError: Failed to execute 'evaluate' on 'Document': The string '//a[contains(text(),'//a[contains(text(),'Privacy Policy')]')]' is not a valid XPath expression.
                  (Session info: chrome=80.0.3987.149)
                  (Driver info: chromedriver=80.0.3987.106 (f68069574609230cf9b635cd784cfb1bf81bb53a-refs/branch-heads/3987@{#882}),platform=Windows NT 6.1.7601 SP1 x86_64)
                    at Object.checkLegacyResponse (C:\Users\NareshS\AppData\Roaming\npm\node_modules\protractor\node_modules\selenium-webdriver\lib\error.js:546:15)
                    at parseHttpResponse (C:\Users\NareshS\AppData\Roaming\npm\node_modules\protractor\node_modules\selenium-webdriver\lib\http.js:509:13)
                    at C:\Users\NareshS\AppData\Roaming\npm\node_modules\protractor\node_modules\selenium-webdriver\lib\http.js:441:30
                    at runMicrotasks (&lt;anonymous>)
                    at processTicksAndRejections (internal/process/task_queues.js:93:5)
                From: Task: WebDriver.findElements(By(xpath, //a[contains(text(),'//a[contains(text(),'Privacy Policy')]')]))
                    at Driver.schedule (C:\Users\NareshS\AppData\Roaming\npm\node_modules\protractor\node_modules\selenium-webdriver\lib\webdriver.js:807:17)
                    at Driver.findElements (C:\Users\NareshS\AppData\Roaming\npm\node_modules\protractor\node_modules\selenium-webdriver\lib\webdriver.js:1048:19)
                    at C:\Users\NareshS\AppData\Roaming\npm\node_modules\protractor\built\element.js:159:44
                    at ManagedPromise.invokeCallback_ (C:\Users\NareshS\AppData\Roaming\npm\node_modules\protractor\node_modules\selenium-webdriver\lib\promise.js:1376:14)
                    at TaskQueue.execute_ (C:\Users\NareshS\AppData\Roaming\npm\node_modules\protractor\node_modules\selenium-webdriver\lib\promise.js:3084:14)
                    at TaskQueue.executeNext_ (C:\Users\NareshS\AppData\Roaming\npm\node_modules\protractor\node_modules\selenium-webdriver\lib\promise.js:3067:27)
                    at C:\Users\NareshS\AppData\Roaming\npm\node_modules\protractor\node_modules\selenium-webdriver\lib\promise.js:2927:27
                    at C:\Users\NareshS\AppData\Roaming\npm\node_modules\protractor\node_modules\selenium-webdriver\lib\promise.js:668:7
                    at runMicrotasks (&lt;anonymous>)
                    at processTicksAndRejections (internal/process/task_queues.js:93:5)
                From: Task: WebDriver.executeScript()
                    at Driver.schedule (C:\Users\NareshS\AppData\Roaming\npm\node_modules\protractor\node_modules\selenium-webdriver\lib\webdriver.js:807:17)
                    at Driver.executeScript (C:\Users\NareshS\AppData\Roaming\npm\node_modules\protractor\node_modules\selenium-webdriver\lib\webdriver.js:878:16)
                    at run (C:\Users\NareshS\AppData\Roaming\npm\node_modules\protractor\built\browser.js:59:33)
                    at ProtractorBrowser.to.&lt;computed> (C:\Users\NareshS\AppData\Roaming\npm\node_modules\protractor\built\browser.js:67:16)
                    at UserContext.&lt;anonymous> (C:\Users\NareshS\eclipse-workspace\protrract\Mars_Byer\specs\HomePage\HomePage_spec.js:876:12)
                    at C:\Users\NareshS\AppData\Roaming\npm\node_modules\protractor\node_modules\jasminewd2\index.js:112:25
                    at new ManagedPromise (C:\Users\NareshS\AppData\Roaming\npm\node_modules\protractor\node_modules\selenium-webdriver\lib\promise.js:1077:7)
                    at ControlFlow.promise (C:\Users\NareshS\AppData\Roaming\npm\node_modules\protractor\node_modules\selenium-webdriver\lib\promise.js:2505:12)
                    at schedulerExecute (C:\Users\NareshS\AppData\Roaming\npm\node_modules\protractor\node_modules\jasminewd2\index.js:95:18)
                    at TaskQueue.execute_ (C:\Users\NareshS\AppData\Roaming\npm\node_modules\protractor\node_modules\selenium-webdriver\lib\promise.js:3084:14)
                From: Task: Run it("Verify Privacy Plociy") in control flow
                    at UserContext.&lt;anonymous> (C:\Users\NareshS\AppData\Roaming\npm\node_modules\protractor\node_modules\jasminewd2\index.js:94:19)
                    at attempt (C:\Users\NareshS\AppData\Roaming\npm\node_modules\protractor\node_modules\jasmine-core\lib\jasmine-core\jasmine.js:4297:26)
                    at QueueRunner.run (C:\Users\NareshS\AppData\Roaming\npm\node_modules\protractor\node_modules\jasmine-core\lib\jasmine-core\jasmine.js:4217:20)
                    at runNext (C:\Users\NareshS\AppData\Roaming\npm\node_modules\protractor\node_modules\jasmine-core\lib\jasmine-core\jasmine.js:4257:20)
                    at C:\Users\NareshS\AppData\Roaming\npm\node_modules\protractor\node_modules\jasmine-core\lib\jasmine-core\jasmine.js:4264:13
                    at C:\Users\NareshS\AppData\Roaming\npm\node_modules\protractor\node_modules\jasmine-core\lib\jasmine-core\jasmine.js:4172:9
                    at C:\Users\NareshS\AppData\Roaming\npm\node_modules\protractor\node_modules\jasminewd2\index.js:64:48
                    at ControlFlow.emit (C:\Users\NareshS\AppData\Roaming\npm\node_modules\protractor\node_modules\selenium-webdriver\lib\events.js:62:21)
                    at ControlFlow.shutdown_ (C:\Users\NareshS\AppData\Roaming\npm\node_modules\protractor\node_modules\selenium-webdriver\lib\promise.js:2674:10)
                    at C:\Users\NareshS\AppData\Roaming\npm\node_modules\protractor\node_modules\selenium-webdriver\lib\promise.js:2599:53
                From asynchronous test: 
                Error
                    at Suite.&lt;anonymous> (C:\Users\NareshS\eclipse-workspace\protrract\Mars_Byer\specs\HomePage\HomePage_spec.js:872:3)
                    at addSpecsToSuite (C:\Users\NareshS\AppData\Roaming\npm\node_modules\protractor\node_modules\jasmine-core\lib\jasmine-core\jasmine.js:1107:25)
                    at Env.describe (C:\Users\NareshS\AppData\Roaming\npm\node_modules\protractor\node_modules\jasmine-core\lib\jasmine-core\jasmine.js:1074:7)
                    at describe (C:\Users\NareshS\AppData\Roaming\npm\node_modules\protractor\node_modules\jasmine-core\lib\jasmine-core\jasmine.js:4399:18)
                    at Object.&lt;anonymous> (C:\Users\NareshS\eclipse-workspace\protrract\Mars_Byer\specs\HomePage\HomePage_spec.js:19:1)
                    at Module._compile (internal/modules/cjs/loader.js:956:30)
                    at Object.Module._extensions..js (internal/modules/cjs/loader.js:973:10)
                    at Module.load (internal/modules/cjs/loader.js:812:32)
                    at Function.Module._load (internal/modules/cjs/loader.js:724:14)</stack-trace>
            </failure>
        </test-case>
    </test-cases>
</ns2:test-suite>