<?xml version='1.0'?>
<ns2:test-suite xmlns:ns2='urn:model.allure.qatools.yandex.ru' start='1585129910366' stop='1585129985291'>
    <name> Verifying Home Page </name>
    <title> Verifying Home Page </title>
    <test-cases>
        <test-case start='1585129910366' status='passed' stop='1585129910770'>
            <name>veriy all links present on page</name>
            <title>veriy all links present on page</title>
            <labels/>
            <parameters/>
            <steps/>
            <attachments>
                <attachment title='Screenshot' source='437a8731-fb03-46c2-b31a-1e7df123d1e6-attachment.png' type='image/png' size='31345'/>
            </attachments>
        </test-case>
        <test-case start='1585129910770' status='passed' stop='1585129911129'>
            <name>should find all links on Home Page</name>
            <title>should find all links on Home Page</title>
            <labels/>
            <parameters/>
            <steps/>
            <attachments>
                <attachment title='Screenshot' source='155668c8-14c3-462f-8bfe-e58eda0e8f94-attachment.png' type='image/png' size='31515'/>
            </attachments>
        </test-case>
        <test-case start='1585129911129' status='passed' stop='1585129913447'>
            <name>Verify Presence of Logo text on Home Page</name>
            <title>Verify Presence of Logo text on Home Page</title>
            <labels/>
            <parameters/>
            <steps/>
            <attachments>
                <attachment title='Screenshot' source='0093010e-1b88-4fde-83e3-762014bee065-attachment.png' type='image/png' size='23338'/>
            </attachments>
        </test-case>
        <test-case start='1585129913447' status='passed' stop='1585129913922'>
            <name>Verify URL of the Home page once user is logged successfully </name>
            <title>Verify URL of the Home page once user is logged successfully </title>
            <labels/>
            <parameters/>
            <steps/>
            <attachments>
                <attachment title='Screenshot' source='5002993c-6e32-4beb-bf04-77c846cb259c-attachment.png' type='image/png' size='259097'/>
            </attachments>
        </test-case>
        <test-case start='1585129913922' status='passed' stop='1585129914423'>
            <name>Verify BrowseProduct icon is present on the Landing/Home page after Login</name>
            <title>Verify BrowseProduct icon is present on the Landing/Home page after Login</title>
            <labels/>
            <parameters/>
            <steps/>
            <attachments>
                <attachment title='Screenshot' source='1feaeac5-62c5-4a1f-9b76-e3ebdfa9f36a-attachment.png' type='image/png' size='134735'/>
            </attachments>
        </test-case>
        <test-case start='1585129914423' status='passed' stop='1585129914913'>
            <name>Verify Report icon is present on the Landing/Home page after Login</name>
            <title>Verify Report icon is present on the Landing/Home page after Login</title>
            <labels/>
            <parameters/>
            <steps/>
            <attachments>
                <attachment title='Screenshot' source='e2a11412-5988-4362-8397-7526d3f867ac-attachment.png' type='image/png' size='100234'/>
            </attachments>
        </test-case>
        <test-case start='1585129914913' status='passed' stop='1585129915341'>
            <name>Verify Search Option on Home Page</name>
            <title>Verify Search Option on Home Page</title>
            <labels/>
            <parameters/>
            <steps/>
            <attachments>
                <attachment title='Screenshot' source='93c33bf0-81f4-42e6-a50e-8d35119fb044-attachment.png' type='image/png' size='101111'/>
            </attachments>
        </test-case>
        <test-case start='1585129915341' status='passed' stop='1585129915784'>
            <name>Verify Cart Icon</name>
            <title>Verify Cart Icon</title>
            <labels/>
            <parameters/>
            <steps/>
            <attachments>
                <attachment title='Screenshot' source='81c48498-ca21-4958-8591-36e8aecbd084-attachment.png' type='image/png' size='100986'/>
            </attachments>
        </test-case>
        <test-case start='1585129927472' status='passed' stop='1585129927912'>
            <name>Verify if Item ID and URl contains the Same Product ID</name>
            <title>Verify if Item ID and URl contains the Same Product ID</title>
            <labels/>
            <parameters/>
            <steps/>
            <attachments>
                <attachment title='Screenshot' source='1342baa1-12d7-4e37-bf15-fe0fbfd05af6-attachment.png' type='image/png' size='201877'/>
            </attachments>
        </test-case>
        <test-case start='1585129927912' status='passed' stop='1585129931481'>
            <name>Click on Mars Icon</name>
            <title>Click on Mars Icon</title>
            <labels/>
            <parameters/>
            <steps/>
            <attachments>
                <attachment title='Screenshot' source='6fc56684-ebf1-4250-a11d-741e6052ff67-attachment.png' type='image/png' size='196538'/>
            </attachments>
        </test-case>
        <test-case start='1585129959926' status='passed' stop='1585129963465'>
            <name>Click on Mars Icon</name>
            <title>Click on Mars Icon</title>
            <labels/>
            <parameters/>
            <steps/>
            <attachments>
                <attachment title='Screenshot' source='5704edc1-010b-4f58-9419-863f9aa59926-attachment.png' type='image/png' size='142954'/>
            </attachments>
        </test-case>
        <test-case start='1585129963465' status='failed' stop='1585129968622'>
            <name>Verify  condition of use </name>
            <title>Verify  condition of use </title>
            <labels/>
            <parameters/>
            <steps/>
            <attachments>
                <attachment title='Screenshot' source='9581e151-c9db-47bc-a2dc-bd07f46c2f79-attachment.png' type='image/png' size='63630'/>
            </attachments>
            <failure>
                <message>Expected 'https://archway-mars-qa.azurewebsites.net/home' to contain 'https://archway-mars-qa.azurewebsites.net/condition-of-use'.</message>
                <stack-trace>Error: Failed expectation
                    at UserContext.&lt;anonymous> (C:\Users\NareshS\eclipse-workspace\protrract\Mars_Byer\specs\HomePage\HomePage_spec.js:857:48)
                    at C:\Users\NareshS\AppData\Roaming\npm\node_modules\protractor\node_modules\jasminewd2\index.js:112:25
                    at new ManagedPromise (C:\Users\NareshS\AppData\Roaming\npm\node_modules\protractor\node_modules\selenium-webdriver\lib\promise.js:1077:7)
                    at ControlFlow.promise (C:\Users\NareshS\AppData\Roaming\npm\node_modules\protractor\node_modules\selenium-webdriver\lib\promise.js:2505:12)
                    at schedulerExecute (C:\Users\NareshS\AppData\Roaming\npm\node_modules\protractor\node_modules\jasminewd2\index.js:95:18)
                    at TaskQueue.execute_ (C:\Users\NareshS\AppData\Roaming\npm\node_modules\protractor\node_modules\selenium-webdriver\lib\promise.js:3084:14)
                    at TaskQueue.executeNext_ (C:\Users\NareshS\AppData\Roaming\npm\node_modules\protractor\node_modules\selenium-webdriver\lib\promise.js:3067:27)
                    at C:\Users\NareshS\AppData\Roaming\npm\node_modules\protractor\node_modules\selenium-webdriver\lib\promise.js:2974:25
                    at C:\Users\NareshS\AppData\Roaming\npm\node_modules\protractor\node_modules\selenium-webdriver\lib\promise.js:668:7</stack-trace>
            </failure>
        </test-case>
        <test-case start='1585129968622' status='passed' stop='1585129976961'>
            <name>Navigaet to url</name>
            <title>Navigaet to url</title>
            <labels/>
            <parameters/>
            <steps/>
            <attachments>
                <attachment title='Screenshot' source='7d3a2bc3-c711-4572-b927-1eb050f49577-attachment.png' type='image/png' size='134804'/>
            </attachments>
        </test-case>
        <test-case start='1585129976961' status='failed' stop='1585129977402'>
            <name>Verify Privacy Plociy</name>
            <title>Verify Privacy Plociy</title>
            <labels/>
            <parameters/>
            <steps/>
            <attachments>
                <attachment title='Screenshot' source='71a04782-566b-4e5e-a149-a491c106d9d5-attachment.png' type='image/png' size='142965'/>
            </attachments>
            <failure>
                <message>Failed: invalid selector: Unable to locate an element with the xpath expression //a[contains(text(),'//a[contains(text(),'Privacy Policy')]')] because of the following error:
                SyntaxError: Failed to execute 'evaluate' on 'Document': The string '//a[contains(text(),'//a[contains(text(),'Privacy Policy')]')]' is not a valid XPath expression.
                  (Session info: chrome=80.0.3987.149)
                  (Driver info: chromedriver=80.0.3987.106 (f68069574609230cf9b635cd784cfb1bf81bb53a-refs/branch-heads/3987@{#882}),platform=Windows NT 6.1.7601 SP1 x86_64)</message>
                <stack-trace>InvalidSelectorError: invalid selector: Unable to locate an element with the xpath expression //a[contains(text(),'//a[contains(text(),'Privacy Policy')]')] because of the following error:
                SyntaxError: Failed to execute 'evaluate' on 'Document': The string '//a[contains(text(),'//a[contains(text(),'Privacy Policy')]')]' is not a valid XPath expression.
                  (Session info: chrome=80.0.3987.149)
                  (Driver info: chromedriver=80.0.3987.106 (f68069574609230cf9b635cd784cfb1bf81bb53a-refs/branch-heads/3987@{#882}),platform=Windows NT 6.1.7601 SP1 x86_64)
                    at Object.checkLegacyResponse (C:\Users\NareshS\AppData\Roaming\npm\node_modules\protractor\node_modules\selenium-webdriver\lib\error.js:546:15)
                    at parseHttpResponse (C:\Users\NareshS\AppData\Roaming\npm\node_modules\protractor\node_modules\selenium-webdriver\lib\http.js:509:13)
                    at C:\Users\NareshS\AppData\Roaming\npm\node_modules\protractor\node_modules\selenium-webdriver\lib\http.js:441:30
                    at runMicrotasks (&lt;anonymous>)
                    at processTicksAndRejections (internal/process/task_queues.js:93:5)
                From: Task: WebDriver.findElements(By(xpath, //a[contains(text(),'//a[contains(text(),'Privacy Policy')]')]))
                    at Driver.schedule (C:\Users\NareshS\AppData\Roaming\npm\node_modules\protractor\node_modules\selenium-webdriver\lib\webdriver.js:807:17)
                    at Driver.findElements (C:\Users\NareshS\AppData\Roaming\npm\node_modules\protractor\node_modules\selenium-webdriver\lib\webdriver.js:1048:19)
                    at C:\Users\NareshS\AppData\Roaming\npm\node_modules\protractor\built\element.js:159:44
                    at ManagedPromise.invokeCallback_ (C:\Users\NareshS\AppData\Roaming\npm\node_modules\protractor\node_modules\selenium-webdriver\lib\promise.js:1376:14)
                    at TaskQueue.execute_ (C:\Users\NareshS\AppData\Roaming\npm\node_modules\protractor\node_modules\selenium-webdriver\lib\promise.js:3084:14)
                    at TaskQueue.executeNext_ (C:\Users\NareshS\AppData\Roaming\npm\node_modules\protractor\node_modules\selenium-webdriver\lib\promise.js:3067:27)
                    at C:\Users\NareshS\AppData\Roaming\npm\node_modules\protractor\node_modules\selenium-webdriver\lib\promise.js:2927:27
                    at C:\Users\NareshS\AppData\Roaming\npm\node_modules\protractor\node_modules\selenium-webdriver\lib\promise.js:668:7
                    at runMicrotasks (&lt;anonymous>)
                    at processTicksAndRejections (internal/process/task_queues.js:93:5)
                From: Task: WebDriver.executeScript()
                    at Driver.schedule (C:\Users\NareshS\AppData\Roaming\npm\node_modules\protractor\node_modules\selenium-webdriver\lib\webdriver.js:807:17)
                    at Driver.executeScript (C:\Users\NareshS\AppData\Roaming\npm\node_modules\protractor\node_modules\selenium-webdriver\lib\webdriver.js:878:16)
                    at run (C:\Users\NareshS\AppData\Roaming\npm\node_modules\protractor\built\browser.js:59:33)
                    at ProtractorBrowser.to.&lt;computed> (C:\Users\NareshS\AppData\Roaming\npm\node_modules\protractor\built\browser.js:67:16)
                    at UserContext.&lt;anonymous> (C:\Users\NareshS\eclipse-workspace\protrract\Mars_Byer\specs\HomePage\HomePage_spec.js:876:12)
                    at C:\Users\NareshS\AppData\Roaming\npm\node_modules\protractor\node_modules\jasminewd2\index.js:112:25
                    at new ManagedPromise (C:\Users\NareshS\AppData\Roaming\npm\node_modules\protractor\node_modules\selenium-webdriver\lib\promise.js:1077:7)
                    at ControlFlow.promise (C:\Users\NareshS\AppData\Roaming\npm\node_modules\protractor\node_modules\selenium-webdriver\lib\promise.js:2505:12)
                    at schedulerExecute (C:\Users\NareshS\AppData\Roaming\npm\node_modules\protractor\node_modules\jasminewd2\index.js:95:18)
                    at TaskQueue.execute_ (C:\Users\NareshS\AppData\Roaming\npm\node_modules\protractor\node_modules\selenium-webdriver\lib\promise.js:3084:14)
                From: Task: Run it("Verify Privacy Plociy") in control flow
                    at UserContext.&lt;anonymous> (C:\Users\NareshS\AppData\Roaming\npm\node_modules\protractor\node_modules\jasminewd2\index.js:94:19)
                    at attempt (C:\Users\NareshS\AppData\Roaming\npm\node_modules\protractor\node_modules\jasmine-core\lib\jasmine-core\jasmine.js:4297:26)
                    at QueueRunner.run (C:\Users\NareshS\AppData\Roaming\npm\node_modules\protractor\node_modules\jasmine-core\lib\jasmine-core\jasmine.js:4217:20)
                    at runNext (C:\Users\NareshS\AppData\Roaming\npm\node_modules\protractor\node_modules\jasmine-core\lib\jasmine-core\jasmine.js:4257:20)
                    at C:\Users\NareshS\AppData\Roaming\npm\node_modules\protractor\node_modules\jasmine-core\lib\jasmine-core\jasmine.js:4264:13
                    at C:\Users\NareshS\AppData\Roaming\npm\node_modules\protractor\node_modules\jasmine-core\lib\jasmine-core\jasmine.js:4172:9
                    at C:\Users\NareshS\AppData\Roaming\npm\node_modules\protractor\node_modules\jasminewd2\index.js:64:48
                    at ControlFlow.emit (C:\Users\NareshS\AppData\Roaming\npm\node_modules\protractor\node_modules\selenium-webdriver\lib\events.js:62:21)
                    at ControlFlow.shutdown_ (C:\Users\NareshS\AppData\Roaming\npm\node_modules\protractor\node_modules\selenium-webdriver\lib\promise.js:2674:10)
                    at C:\Users\NareshS\AppData\Roaming\npm\node_modules\protractor\node_modules\selenium-webdriver\lib\promise.js:2599:53
                From asynchronous test: 
                Error
                    at Suite.&lt;anonymous> (C:\Users\NareshS\eclipse-workspace\protrract\Mars_Byer\specs\HomePage\HomePage_spec.js:872:3)
                    at addSpecsToSuite (C:\Users\NareshS\AppData\Roaming\npm\node_modules\protractor\node_modules\jasmine-core\lib\jasmine-core\jasmine.js:1107:25)
                    at Env.describe (C:\Users\NareshS\AppData\Roaming\npm\node_modules\protractor\node_modules\jasmine-core\lib\jasmine-core\jasmine.js:1074:7)
                    at describe (C:\Users\NareshS\AppData\Roaming\npm\node_modules\protractor\node_modules\jasmine-core\lib\jasmine-core\jasmine.js:4399:18)
                    at Object.&lt;anonymous> (C:\Users\NareshS\eclipse-workspace\protrract\Mars_Byer\specs\HomePage\HomePage_spec.js:19:1)
                    at Module._compile (internal/modules/cjs/loader.js:956:30)
                    at Object.Module._extensions..js (internal/modules/cjs/loader.js:973:10)
                    at Module.load (internal/modules/cjs/loader.js:812:32)
                    at Function.Module._load (internal/modules/cjs/loader.js:724:14)</stack-trace>
            </failure>
        </test-case>
        <test-case start='1585129977402' status='passed' stop='1585129985291'>
            <name>Navigaet to url</name>
            <title>Navigaet to url</title>
            <labels/>
            <parameters/>
            <steps/>
            <attachments>
                <attachment title='Screenshot' source='0bc047d2-8cf1-4854-95f0-6d4ee9f74fb8-attachment.png' type='image/png' size='99581'/>
            </attachments>
        </test-case>
    </test-cases>
</ns2:test-suite>