<?xml version='1.0'?>
<ns2:test-suite xmlns:ns2='urn:model.allure.qatools.yandex.ru' start='1584876779659' stop='1584876857371'>
    <name> Verifying Home Page </name>
    <title> Verifying Home Page </title>
    <test-cases>
        <test-case start='1584876779659' status='passed' stop='1584876780064'>
            <name>veriy all links present on page</name>
            <title>veriy all links present on page</title>
            <labels/>
            <parameters/>
            <steps/>
            <attachments>
                <attachment title='Screenshot' source='fd08c792-6203-4ae0-8473-cafd2a98d13e-attachment.png' type='image/png' size='31727'/>
            </attachments>
        </test-case>
        <test-case start='1584876780064' status='passed' stop='1584876780428'>
            <name>should find all links on Home Page</name>
            <title>should find all links on Home Page</title>
            <labels/>
            <parameters/>
            <steps/>
            <attachments>
                <attachment title='Screenshot' source='10a65622-da4f-490a-9980-6c046e060ee8-attachment.png' type='image/png' size='31715'/>
            </attachments>
        </test-case>
        <test-case start='1584876780428' status='passed' stop='1584876786837'>
            <name>Verify Presence of Logo text on Home Page</name>
            <title>Verify Presence of Logo text on Home Page</title>
            <labels/>
            <parameters/>
            <steps/>
            <attachments>
                <attachment title='Screenshot' source='e89c0e11-2a4b-4b1f-a9f0-80a509cf925c-attachment.png' type='image/png' size='31666'/>
            </attachments>
        </test-case>
        <test-case start='1584876786837' status='failed' stop='1584876787173'>
            <name>Verify URL of the Home page once user is logged successfully </name>
            <title>Verify URL of the Home page once user is logged successfully </title>
            <labels/>
            <parameters/>
            <steps/>
            <attachments>
                <attachment title='Screenshot' source='43d6da24-3c54-4865-8565-405ff9134fce-attachment.png' type='image/png' size='31666'/>
            </attachments>
            <failure>
                <message>Expected 'https://archway-mars-qa.azurewebsites.net/login' to contain 'https://archway-mars-qa.azurewebsites.net/home'.</message>
                <stack-trace>Error: Failed expectation
                    at C:\Users\NareshS\eclipse-workspace\protrract\Mars_Byer\specs\HomePage\HomePage_spec.js:98:23
                    at ManagedPromise.invokeCallback_ (C:\Users\NareshS\AppData\Roaming\npm\node_modules\protractor\node_modules\selenium-webdriver\lib\promise.js:1376:14)
                    at TaskQueue.execute_ (C:\Users\NareshS\AppData\Roaming\npm\node_modules\protractor\node_modules\selenium-webdriver\lib\promise.js:3084:14)
                    at TaskQueue.executeNext_ (C:\Users\NareshS\AppData\Roaming\npm\node_modules\protractor\node_modules\selenium-webdriver\lib\promise.js:3067:27)
                    at C:\Users\NareshS\AppData\Roaming\npm\node_modules\protractor\node_modules\selenium-webdriver\lib\promise.js:2927:27
                    at C:\Users\NareshS\AppData\Roaming\npm\node_modules\protractor\node_modules\selenium-webdriver\lib\promise.js:668:7
                    at processTicksAndRejections (internal/process/task_queues.js:93:5)</stack-trace>
            </failure>
        </test-case>
        <test-case start='1584876787173' status='passed' stop='1584876789513'>
            <name>Verify BrowseProduct icon is present on the Landing/Home page after Login</name>
            <title>Verify BrowseProduct icon is present on the Landing/Home page after Login</title>
            <labels/>
            <parameters/>
            <steps/>
            <attachments>
                <attachment title='Screenshot' source='56fde1e4-7b58-42c2-ada7-94cda03bfced-attachment.png' type='image/png' size='24102'/>
            </attachments>
        </test-case>
        <test-case start='1584876789513' status='passed' stop='1584876789988'>
            <name>Verify Report icon is present on the Landing/Home page after Login</name>
            <title>Verify Report icon is present on the Landing/Home page after Login</title>
            <labels/>
            <parameters/>
            <steps/>
            <attachments>
                <attachment title='Screenshot' source='4d8ef598-b2b6-4796-a9c7-b59f5f1ecced-attachment.png' type='image/png' size='100109'/>
            </attachments>
        </test-case>
        <test-case start='1584876789988' status='passed' stop='1584876790425'>
            <name>Verify Search Option on Home Page</name>
            <title>Verify Search Option on Home Page</title>
            <labels/>
            <parameters/>
            <steps/>
            <attachments>
                <attachment title='Screenshot' source='283a59da-1e8e-41e7-a542-07f134650c98-attachment.png' type='image/png' size='99346'/>
            </attachments>
        </test-case>
        <test-case start='1584876790425' status='passed' stop='1584876790859'>
            <name>Verify Cart Icon</name>
            <title>Verify Cart Icon</title>
            <labels/>
            <parameters/>
            <steps/>
            <attachments>
                <attachment title='Screenshot' source='b87a1bfa-e692-438c-bb50-49f94c5ba470-attachment.png' type='image/png' size='138450'/>
            </attachments>
        </test-case>
        <test-case start='1584876802936' status='passed' stop='1584876803396'>
            <name>Verify if Item ID and URl contains the Same Product ID</name>
            <title>Verify if Item ID and URl contains the Same Product ID</title>
            <labels/>
            <parameters/>
            <steps/>
            <attachments>
                <attachment title='Screenshot' source='5222fcd7-665b-4c52-92be-2e2c2d3698d1-attachment.png' type='image/png' size='201344'/>
            </attachments>
        </test-case>
        <test-case start='1584876803396' status='passed' stop='1584876806902'>
            <name>Click on Mars Icon</name>
            <title>Click on Mars Icon</title>
            <labels/>
            <parameters/>
            <steps/>
            <attachments>
                <attachment title='Screenshot' source='fa591fb8-3602-4b1d-a448-6eafbb8fa50e-attachment.png' type='image/png' size='196597'/>
            </attachments>
        </test-case>
        <test-case start='1584876826170' status='passed' stop='1584876826592'>
            <name>should open the first tab</name>
            <title>should open the first tab</title>
            <labels/>
            <parameters/>
            <steps/>
            <attachments>
                <attachment title='Screenshot' source='4b998682-fa6d-4839-880b-20acd6a3724e-attachment.png' type='image/png' size='43816'/>
            </attachments>
        </test-case>
        <test-case start='1584876837084' status='passed' stop='1584876851940'>
            <name>Refresh the page</name>
            <title>Refresh the page</title>
            <labels/>
            <parameters/>
            <steps/>
            <attachments>
                <attachment title='Screenshot' source='d646213f-23ea-4546-95c6-4eced4bcd92f-attachment.png' type='image/png' size='32450'/>
            </attachments>
        </test-case>
        <test-case start='1584876851940' status='failed' stop='1584876852514'>
            <name>Verify  condition of use </name>
            <title>Verify  condition of use </title>
            <labels/>
            <parameters/>
            <steps/>
            <attachments>
                <attachment title='Screenshot' source='5e89a4b4-78e7-47d4-93f5-12c322f191b1-attachment.png' type='image/png' size='40734'/>
            </attachments>
            <failure>
                <message>Expected 'https://archway-mars-qa.azurewebsites.net/contact-us' to contain 'http://...'.</message>
                <stack-trace>Error: Failed expectation
                    at C:\Users\NareshS\eclipse-workspace\protrract\Mars_Byer\specs\HomePage\HomePage_spec.js:851:55
                    at ManagedPromise.invokeCallback_ (C:\Users\NareshS\AppData\Roaming\npm\node_modules\protractor\node_modules\selenium-webdriver\lib\promise.js:1376:14)
                    at TaskQueue.execute_ (C:\Users\NareshS\AppData\Roaming\npm\node_modules\protractor\node_modules\selenium-webdriver\lib\promise.js:3084:14)
                    at TaskQueue.executeNext_ (C:\Users\NareshS\AppData\Roaming\npm\node_modules\protractor\node_modules\selenium-webdriver\lib\promise.js:3067:27)
                    at C:\Users\NareshS\AppData\Roaming\npm\node_modules\protractor\node_modules\selenium-webdriver\lib\promise.js:2927:27
                    at C:\Users\NareshS\AppData\Roaming\npm\node_modules\protractor\node_modules\selenium-webdriver\lib\promise.js:668:7
                    at runMicrotasks (&lt;anonymous>)
                    at processTicksAndRejections (internal/process/task_queues.js:93:5)</stack-trace>
            </failure>
        </test-case>
        <test-case start='1584876852514' status='passed' stop='1584876856640'>
            <name>should open the first tab</name>
            <title>should open the first tab</title>
            <labels/>
            <parameters/>
            <steps/>
            <attachments>
                <attachment title='Screenshot' source='e74aa68d-73c1-4604-9def-2c4b50be109d-attachment.png' type='image/png' size='44775'/>
            </attachments>
        </test-case>
        <test-case start='1584876856641' status='failed' stop='1584876857020'>
            <name>Verify Privacy Plociy</name>
            <title>Verify Privacy Plociy</title>
            <labels/>
            <parameters/>
            <steps/>
            <attachments>
                <attachment title='Screenshot' source='e564a2f0-19bc-411c-b211-fe5aad24b4c7-attachment.png' type='image/png' size='43745'/>
            </attachments>
            <failure>
                <message>Failed: invalid selector: Unable to locate an element with the xpath expression //a[contains(text(),'//a[contains(text(),'Privacy Policy')]')] because of the following error:
                SyntaxError: Failed to execute 'evaluate' on 'Document': The string '//a[contains(text(),'//a[contains(text(),'Privacy Policy')]')]' is not a valid XPath expression.
                  (Session info: chrome=80.0.3987.149)
                  (Driver info: chromedriver=80.0.3987.106 (f68069574609230cf9b635cd784cfb1bf81bb53a-refs/branch-heads/3987@{#882}),platform=Windows NT 6.1.7601 SP1 x86_64)</message>
                <stack-trace>InvalidSelectorError: invalid selector: Unable to locate an element with the xpath expression //a[contains(text(),'//a[contains(text(),'Privacy Policy')]')] because of the following error:
                SyntaxError: Failed to execute 'evaluate' on 'Document': The string '//a[contains(text(),'//a[contains(text(),'Privacy Policy')]')]' is not a valid XPath expression.
                  (Session info: chrome=80.0.3987.149)
                  (Driver info: chromedriver=80.0.3987.106 (f68069574609230cf9b635cd784cfb1bf81bb53a-refs/branch-heads/3987@{#882}),platform=Windows NT 6.1.7601 SP1 x86_64)
                    at Object.checkLegacyResponse (C:\Users\NareshS\AppData\Roaming\npm\node_modules\protractor\node_modules\selenium-webdriver\lib\error.js:546:15)
                    at parseHttpResponse (C:\Users\NareshS\AppData\Roaming\npm\node_modules\protractor\node_modules\selenium-webdriver\lib\http.js:509:13)
                    at C:\Users\NareshS\AppData\Roaming\npm\node_modules\protractor\node_modules\selenium-webdriver\lib\http.js:441:30
                    at runMicrotasks (&lt;anonymous>)
                    at processTicksAndRejections (internal/process/task_queues.js:93:5)
                From: Task: WebDriver.findElements(By(xpath, //a[contains(text(),'//a[contains(text(),'Privacy Policy')]')]))
                    at Driver.schedule (C:\Users\NareshS\AppData\Roaming\npm\node_modules\protractor\node_modules\selenium-webdriver\lib\webdriver.js:807:17)
                    at Driver.findElements (C:\Users\NareshS\AppData\Roaming\npm\node_modules\protractor\node_modules\selenium-webdriver\lib\webdriver.js:1048:19)
                    at C:\Users\NareshS\AppData\Roaming\npm\node_modules\protractor\built\element.js:159:44
                    at ManagedPromise.invokeCallback_ (C:\Users\NareshS\AppData\Roaming\npm\node_modules\protractor\node_modules\selenium-webdriver\lib\promise.js:1376:14)
                    at TaskQueue.execute_ (C:\Users\NareshS\AppData\Roaming\npm\node_modules\protractor\node_modules\selenium-webdriver\lib\promise.js:3084:14)
                    at TaskQueue.executeNext_ (C:\Users\NareshS\AppData\Roaming\npm\node_modules\protractor\node_modules\selenium-webdriver\lib\promise.js:3067:27)
                    at C:\Users\NareshS\AppData\Roaming\npm\node_modules\protractor\node_modules\selenium-webdriver\lib\promise.js:2927:27
                    at C:\Users\NareshS\AppData\Roaming\npm\node_modules\protractor\node_modules\selenium-webdriver\lib\promise.js:668:7
                    at runMicrotasks (&lt;anonymous>)
                    at processTicksAndRejections (internal/process/task_queues.js:93:5)
                From: Task: WebDriver.executeScript()
                    at Driver.schedule (C:\Users\NareshS\AppData\Roaming\npm\node_modules\protractor\node_modules\selenium-webdriver\lib\webdriver.js:807:17)
                    at Driver.executeScript (C:\Users\NareshS\AppData\Roaming\npm\node_modules\protractor\node_modules\selenium-webdriver\lib\webdriver.js:878:16)
                    at run (C:\Users\NareshS\AppData\Roaming\npm\node_modules\protractor\built\browser.js:59:33)
                    at ProtractorBrowser.to.&lt;computed> (C:\Users\NareshS\AppData\Roaming\npm\node_modules\protractor\built\browser.js:67:16)
                    at UserContext.&lt;anonymous> (C:\Users\NareshS\eclipse-workspace\protrract\Mars_Byer\specs\HomePage\HomePage_spec.js:880:12)
                    at C:\Users\NareshS\AppData\Roaming\npm\node_modules\protractor\node_modules\jasminewd2\index.js:112:25
                    at new ManagedPromise (C:\Users\NareshS\AppData\Roaming\npm\node_modules\protractor\node_modules\selenium-webdriver\lib\promise.js:1077:7)
                    at ControlFlow.promise (C:\Users\NareshS\AppData\Roaming\npm\node_modules\protractor\node_modules\selenium-webdriver\lib\promise.js:2505:12)
                    at schedulerExecute (C:\Users\NareshS\AppData\Roaming\npm\node_modules\protractor\node_modules\jasminewd2\index.js:95:18)
                    at TaskQueue.execute_ (C:\Users\NareshS\AppData\Roaming\npm\node_modules\protractor\node_modules\selenium-webdriver\lib\promise.js:3084:14)
                From: Task: Run it("Verify Privacy Plociy") in control flow
                    at UserContext.&lt;anonymous> (C:\Users\NareshS\AppData\Roaming\npm\node_modules\protractor\node_modules\jasminewd2\index.js:94:19)
                    at attempt (C:\Users\NareshS\AppData\Roaming\npm\node_modules\protractor\node_modules\jasmine-core\lib\jasmine-core\jasmine.js:4297:26)
                    at QueueRunner.run (C:\Users\NareshS\AppData\Roaming\npm\node_modules\protractor\node_modules\jasmine-core\lib\jasmine-core\jasmine.js:4217:20)
                    at runNext (C:\Users\NareshS\AppData\Roaming\npm\node_modules\protractor\node_modules\jasmine-core\lib\jasmine-core\jasmine.js:4257:20)
                    at C:\Users\NareshS\AppData\Roaming\npm\node_modules\protractor\node_modules\jasmine-core\lib\jasmine-core\jasmine.js:4264:13
                    at C:\Users\NareshS\AppData\Roaming\npm\node_modules\protractor\node_modules\jasmine-core\lib\jasmine-core\jasmine.js:4172:9
                    at C:\Users\NareshS\AppData\Roaming\npm\node_modules\protractor\node_modules\jasminewd2\index.js:64:48
                    at ControlFlow.emit (C:\Users\NareshS\AppData\Roaming\npm\node_modules\protractor\node_modules\selenium-webdriver\lib\events.js:62:21)
                    at ControlFlow.shutdown_ (C:\Users\NareshS\AppData\Roaming\npm\node_modules\protractor\node_modules\selenium-webdriver\lib\promise.js:2674:10)
                    at C:\Users\NareshS\AppData\Roaming\npm\node_modules\protractor\node_modules\selenium-webdriver\lib\promise.js:2599:53
                From asynchronous test: 
                Error
                    at Suite.&lt;anonymous> (C:\Users\NareshS\eclipse-workspace\protrract\Mars_Byer\specs\HomePage\HomePage_spec.js:876:3)
                    at addSpecsToSuite (C:\Users\NareshS\AppData\Roaming\npm\node_modules\protractor\node_modules\jasmine-core\lib\jasmine-core\jasmine.js:1107:25)
                    at Env.describe (C:\Users\NareshS\AppData\Roaming\npm\node_modules\protractor\node_modules\jasmine-core\lib\jasmine-core\jasmine.js:1074:7)
                    at describe (C:\Users\NareshS\AppData\Roaming\npm\node_modules\protractor\node_modules\jasmine-core\lib\jasmine-core\jasmine.js:4399:18)
                    at Object.&lt;anonymous> (C:\Users\NareshS\eclipse-workspace\protrract\Mars_Byer\specs\HomePage\HomePage_spec.js:19:1)
                    at Module._compile (internal/modules/cjs/loader.js:956:30)
                    at Object.Module._extensions..js (internal/modules/cjs/loader.js:973:10)
                    at Module.load (internal/modules/cjs/loader.js:812:32)
                    at Function.Module._load (internal/modules/cjs/loader.js:724:14)</stack-trace>
            </failure>
        </test-case>
        <test-case start='1584876857020' status='passed' stop='1584876857370'>
            <name>should open the first tab</name>
            <title>should open the first tab</title>
            <labels/>
            <parameters/>
            <steps/>
            <attachments>
                <attachment title='Screenshot' source='6ee0c4f1-b7c4-4ad7-90d6-5a7d4a392ff8-attachment.png' type='image/png' size='43745'/>
            </attachments>
        </test-case>
    </test-cases>
</ns2:test-suite>