<?xml version='1.0'?>
<ns2:test-suite xmlns:ns2='urn:model.allure.qatools.yandex.ru' start='1584888787775' stop='1584888861273'>
    <name> Verifying Home Page </name>
    <title> Verifying Home Page </title>
    <test-cases>
        <test-case start='1584888787775' status='passed' stop='1584888788137'>
            <name>veriy all links present on page</name>
            <title>veriy all links present on page</title>
            <labels/>
            <parameters/>
            <steps/>
            <attachments>
                <attachment title='Screenshot' source='7760de67-5da1-4713-8698-4ed863e08b1c-attachment.png' type='image/png' size='31796'/>
            </attachments>
        </test-case>
        <test-case start='1584888788137' status='passed' stop='1584888788499'>
            <name>should find all links on Home Page</name>
            <title>should find all links on Home Page</title>
            <labels/>
            <parameters/>
            <steps/>
            <attachments>
                <attachment title='Screenshot' source='29350c5c-78c8-401e-b0c0-558f5f0c24f2-attachment.png' type='image/png' size='31669'/>
            </attachments>
        </test-case>
        <test-case start='1584888788500' status='passed' stop='1584888794864'>
            <name>Verify Presence of Logo text on Home Page</name>
            <title>Verify Presence of Logo text on Home Page</title>
            <labels/>
            <parameters/>
            <steps/>
            <attachments>
                <attachment title='Screenshot' source='31beaaf1-2fe9-4466-b977-1e63aa6ca5e7-attachment.png' type='image/png' size='31666'/>
            </attachments>
        </test-case>
        <test-case start='1584888794864' status='failed' stop='1584888795204'>
            <name>Verify URL of the Home page once user is logged successfully </name>
            <title>Verify URL of the Home page once user is logged successfully </title>
            <labels/>
            <parameters/>
            <steps/>
            <attachments>
                <attachment title='Screenshot' source='f8cfc192-37bf-4c10-bf59-4105effb5c17-attachment.png' type='image/png' size='31666'/>
            </attachments>
            <failure>
                <message>Expected 'https://archway-mars-qa.azurewebsites.net/login' to contain 'https://archway-mars-qa.azurewebsites.net/home'.</message>
                <stack-trace>Error: Failed expectation
                    at C:\Users\NareshS\eclipse-workspace\protrract\Mars_Byer\specs\HomePage\HomePage_spec.js:98:23
                    at ManagedPromise.invokeCallback_ (C:\Users\NareshS\AppData\Roaming\npm\node_modules\protractor\node_modules\selenium-webdriver\lib\promise.js:1376:14)
                    at TaskQueue.execute_ (C:\Users\NareshS\AppData\Roaming\npm\node_modules\protractor\node_modules\selenium-webdriver\lib\promise.js:3084:14)
                    at TaskQueue.executeNext_ (C:\Users\NareshS\AppData\Roaming\npm\node_modules\protractor\node_modules\selenium-webdriver\lib\promise.js:3067:27)
                    at C:\Users\NareshS\AppData\Roaming\npm\node_modules\protractor\node_modules\selenium-webdriver\lib\promise.js:2927:27
                    at C:\Users\NareshS\AppData\Roaming\npm\node_modules\protractor\node_modules\selenium-webdriver\lib\promise.js:668:7
                    at processTicksAndRejections (internal/process/task_queues.js:93:5)</stack-trace>
            </failure>
        </test-case>
        <test-case start='1584888795204' status='passed' stop='1584888799585'>
            <name>Verify BrowseProduct icon is present on the Landing/Home page after Login</name>
            <title>Verify BrowseProduct icon is present on the Landing/Home page after Login</title>
            <labels/>
            <parameters/>
            <steps/>
            <attachments>
                <attachment title='Screenshot' source='0c077085-65c5-4b86-8259-2c9031f8a6f3-attachment.png' type='image/png' size='23494'/>
            </attachments>
        </test-case>
        <test-case start='1584888799585' status='passed' stop='1584888800057'>
            <name>Verify Report icon is present on the Landing/Home page after Login</name>
            <title>Verify Report icon is present on the Landing/Home page after Login</title>
            <labels/>
            <parameters/>
            <steps/>
            <attachments>
                <attachment title='Screenshot' source='90669d02-8192-479f-9f5d-6b7508d8ff31-attachment.png' type='image/png' size='99677'/>
            </attachments>
        </test-case>
        <test-case start='1584888800057' status='passed' stop='1584888800522'>
            <name>Verify Search Option on Home Page</name>
            <title>Verify Search Option on Home Page</title>
            <labels/>
            <parameters/>
            <steps/>
            <attachments>
                <attachment title='Screenshot' source='5c3ca7d0-e8b0-4e0e-a7de-89e1f246f2f5-attachment.png' type='image/png' size='99799'/>
            </attachments>
        </test-case>
        <test-case start='1584888800522' status='passed' stop='1584888800981'>
            <name>Verify Cart Icon</name>
            <title>Verify Cart Icon</title>
            <labels/>
            <parameters/>
            <steps/>
            <attachments>
                <attachment title='Screenshot' source='cf31d065-d14d-4c23-b4f7-ef6d97cbba34-attachment.png' type='image/png' size='139521'/>
            </attachments>
        </test-case>
        <test-case start='1584888814273' status='passed' stop='1584888814720'>
            <name>Verify if Item ID and URl contains the Same Product ID</name>
            <title>Verify if Item ID and URl contains the Same Product ID</title>
            <labels/>
            <parameters/>
            <steps/>
            <attachments>
                <attachment title='Screenshot' source='ae0dba90-c6e8-4939-af2c-8cc2a06c2263-attachment.png' type='image/png' size='201298'/>
            </attachments>
        </test-case>
        <test-case start='1584888814720' status='passed' stop='1584888818305'>
            <name>Click on Mars Icon</name>
            <title>Click on Mars Icon</title>
            <labels/>
            <parameters/>
            <steps/>
            <attachments>
                <attachment title='Screenshot' source='54dedb57-3a29-4b50-8ee5-9692b500010f-attachment.png' type='image/png' size='196597'/>
            </attachments>
        </test-case>
        <test-case start='1584888837255' status='passed' stop='1584888837668'>
            <name>should open the first tab</name>
            <title>should open the first tab</title>
            <labels/>
            <parameters/>
            <steps/>
            <attachments>
                <attachment title='Screenshot' source='5db8195e-b4c5-4580-af40-8a226406607c-attachment.png' type='image/png' size='43834'/>
            </attachments>
        </test-case>
        <test-case start='1584888848193' status='passed' stop='1584888856703'>
            <name>Refresh the page</name>
            <title>Refresh the page</title>
            <labels/>
            <parameters/>
            <steps/>
            <attachments>
                <attachment title='Screenshot' source='df9d19cc-d9c5-49b0-befe-cc8f6629d325-attachment.png' type='image/png' size='32446'/>
            </attachments>
        </test-case>
        <test-case start='1584888856703' status='failed' stop='1584888857246'>
            <name>Verify  condition of use </name>
            <title>Verify  condition of use </title>
            <labels/>
            <parameters/>
            <steps/>
            <attachments>
                <attachment title='Screenshot' source='9569aa03-0822-4c5f-9a80-5c8598f96245-attachment.png' type='image/png' size='40734'/>
            </attachments>
            <failure>
                <message>Expected 'https://archway-mars-qa.azurewebsites.net/contact-us' to contain 'http://...'.</message>
                <stack-trace>Error: Failed expectation
                    at C:\Users\NareshS\eclipse-workspace\protrract\Mars_Byer\specs\HomePage\HomePage_spec.js:851:55
                    at ManagedPromise.invokeCallback_ (C:\Users\NareshS\AppData\Roaming\npm\node_modules\protractor\node_modules\selenium-webdriver\lib\promise.js:1376:14)
                    at TaskQueue.execute_ (C:\Users\NareshS\AppData\Roaming\npm\node_modules\protractor\node_modules\selenium-webdriver\lib\promise.js:3084:14)
                    at TaskQueue.executeNext_ (C:\Users\NareshS\AppData\Roaming\npm\node_modules\protractor\node_modules\selenium-webdriver\lib\promise.js:3067:27)
                    at C:\Users\NareshS\AppData\Roaming\npm\node_modules\protractor\node_modules\selenium-webdriver\lib\promise.js:2927:27
                    at C:\Users\NareshS\AppData\Roaming\npm\node_modules\protractor\node_modules\selenium-webdriver\lib\promise.js:668:7
                    at runMicrotasks (&lt;anonymous>)
                    at processTicksAndRejections (internal/process/task_queues.js:93:5)</stack-trace>
            </failure>
        </test-case>
        <test-case start='1584888857246' status='passed' stop='1584888861267'>
            <name>should open the first tab</name>
            <title>should open the first tab</title>
            <labels/>
            <parameters/>
            <steps/>
            <attachments>
                <attachment title='Screenshot' source='47f39486-a6e4-462f-af35-dae3e4af1542-attachment.png' type='image/png' size='43779'/>
            </attachments>
        </test-case>
        <test-case start='1584888861267' status='pending' stop='1584888861269'>
            <name>Verify Privacy Plociy</name>
            <title>Verify Privacy Plociy</title>
            <labels/>
            <parameters/>
            <steps/>
            <attachments/>
            <failure>
                <message>Temporarily disabled with xit</message>
                <stack-trace></stack-trace>
            </failure>
        </test-case>
        <test-case start='1584888861269' status='pending' stop='1584888861271'>
            <name>should open the first tab</name>
            <title>should open the first tab</title>
            <labels/>
            <parameters/>
            <steps/>
            <attachments/>
            <failure>
                <message>Temporarily disabled with xit</message>
                <stack-trace></stack-trace>
            </failure>
        </test-case>
    </test-cases>
</ns2:test-suite>