<?xml version='1.0'?>
<ns2:test-suite xmlns:ns2='urn:model.allure.qatools.yandex.ru' start='1584889698764' stop='1584889769899'>
    <name> Verifying Home Page </name>
    <title> Verifying Home Page </title>
    <test-cases>
        <test-case start='1584889698764' status='passed' stop='1584889699132'>
            <name>veriy all links present on page</name>
            <title>veriy all links present on page</title>
            <labels/>
            <parameters/>
            <steps/>
            <attachments>
                <attachment title='Screenshot' source='71eecd62-66f1-4610-8c6b-60f246a8169f-attachment.png' type='image/png' size='31756'/>
            </attachments>
        </test-case>
        <test-case start='1584889699132' status='passed' stop='1584889699490'>
            <name>should find all links on Home Page</name>
            <title>should find all links on Home Page</title>
            <labels/>
            <parameters/>
            <steps/>
            <attachments>
                <attachment title='Screenshot' source='a546c628-67e1-4c33-9952-15211351c654-attachment.png' type='image/png' size='31686'/>
            </attachments>
        </test-case>
        <test-case start='1584889699490' status='passed' stop='1584889705893'>
            <name>Verify Presence of Logo text on Home Page</name>
            <title>Verify Presence of Logo text on Home Page</title>
            <labels/>
            <parameters/>
            <steps/>
            <attachments>
                <attachment title='Screenshot' source='ec7d783b-d3e7-4484-aafd-e0103327d0ef-attachment.png' type='image/png' size='31666'/>
            </attachments>
        </test-case>
        <test-case start='1584889705893' status='failed' stop='1584889706254'>
            <name>Verify URL of the Home page once user is logged successfully </name>
            <title>Verify URL of the Home page once user is logged successfully </title>
            <labels/>
            <parameters/>
            <steps/>
            <attachments>
                <attachment title='Screenshot' source='8f7f0c42-6559-44aa-8a42-ec57c8dcbad4-attachment.png' type='image/png' size='31666'/>
            </attachments>
            <failure>
                <message>Expected 'https://archway-mars-qa.azurewebsites.net/login' to contain 'https://archway-mars-qa.azurewebsites.net/home'.</message>
                <stack-trace>Error: Failed expectation
                    at C:\Users\NareshS\eclipse-workspace\protrract\Mars_Byer\specs\HomePage\HomePage_spec.js:98:23
                    at ManagedPromise.invokeCallback_ (C:\Users\NareshS\AppData\Roaming\npm\node_modules\protractor\node_modules\selenium-webdriver\lib\promise.js:1376:14)
                    at TaskQueue.execute_ (C:\Users\NareshS\AppData\Roaming\npm\node_modules\protractor\node_modules\selenium-webdriver\lib\promise.js:3084:14)
                    at TaskQueue.executeNext_ (C:\Users\NareshS\AppData\Roaming\npm\node_modules\protractor\node_modules\selenium-webdriver\lib\promise.js:3067:27)
                    at C:\Users\NareshS\AppData\Roaming\npm\node_modules\protractor\node_modules\selenium-webdriver\lib\promise.js:2927:27
                    at C:\Users\NareshS\AppData\Roaming\npm\node_modules\protractor\node_modules\selenium-webdriver\lib\promise.js:668:7
                    at processTicksAndRejections (internal/process/task_queues.js:93:5)</stack-trace>
            </failure>
        </test-case>
        <test-case start='1584889706254' status='passed' stop='1584889708403'>
            <name>Verify BrowseProduct icon is present on the Landing/Home page after Login</name>
            <title>Verify BrowseProduct icon is present on the Landing/Home page after Login</title>
            <labels/>
            <parameters/>
            <steps/>
            <attachments>
                <attachment title='Screenshot' source='a389af12-d93c-4655-ab05-b353587eef97-attachment.png' type='image/png' size='23988'/>
            </attachments>
        </test-case>
        <test-case start='1584889708403' status='passed' stop='1584889708919'>
            <name>Verify Report icon is present on the Landing/Home page after Login</name>
            <title>Verify Report icon is present on the Landing/Home page after Login</title>
            <labels/>
            <parameters/>
            <steps/>
            <attachments>
                <attachment title='Screenshot' source='3ba6f0d1-1baf-4335-87c9-6dd138508f41-attachment.png' type='image/png' size='134214'/>
            </attachments>
        </test-case>
        <test-case start='1584889708919' status='passed' stop='1584889709411'>
            <name>Verify Search Option on Home Page</name>
            <title>Verify Search Option on Home Page</title>
            <labels/>
            <parameters/>
            <steps/>
            <attachments>
                <attachment title='Screenshot' source='f9a537f0-3aaa-416a-be14-f16092c4fd68-attachment.png' type='image/png' size='100029'/>
            </attachments>
        </test-case>
        <test-case start='1584889709411' status='passed' stop='1584889709886'>
            <name>Verify Cart Icon</name>
            <title>Verify Cart Icon</title>
            <labels/>
            <parameters/>
            <steps/>
            <attachments>
                <attachment title='Screenshot' source='06399e53-9bb2-468e-a204-de0e12c4d72c-attachment.png' type='image/png' size='100022'/>
            </attachments>
        </test-case>
        <test-case start='1584889724343' status='passed' stop='1584889724814'>
            <name>Verify if Item ID and URl contains the Same Product ID</name>
            <title>Verify if Item ID and URl contains the Same Product ID</title>
            <labels/>
            <parameters/>
            <steps/>
            <attachments>
                <attachment title='Screenshot' source='d3a07771-b0d7-4107-bb18-0ab0cbd6d193-attachment.png' type='image/png' size='201304'/>
            </attachments>
        </test-case>
        <test-case start='1584889724814' status='passed' stop='1584889728371'>
            <name>Click on Mars Icon</name>
            <title>Click on Mars Icon</title>
            <labels/>
            <parameters/>
            <steps/>
            <attachments>
                <attachment title='Screenshot' source='ba524269-12af-4e5c-ae80-901fbd8510d1-attachment.png' type='image/png' size='196597'/>
            </attachments>
        </test-case>
        <test-case start='1584889746626' status='passed' stop='1584889747035'>
            <name>should open the first tab</name>
            <title>should open the first tab</title>
            <labels/>
            <parameters/>
            <steps/>
            <attachments>
                <attachment title='Screenshot' source='9e53c471-0995-448f-b07b-e8d0f14e1972-attachment.png' type='image/png' size='43816'/>
            </attachments>
        </test-case>
        <test-case start='1584889757578' status='passed' stop='1584889766018'>
            <name>Refresh the page</name>
            <title>Refresh the page</title>
            <labels/>
            <parameters/>
            <steps/>
            <attachments>
                <attachment title='Screenshot' source='3e637bab-1230-4113-a611-8365b1a5c8db-attachment.png' type='image/png' size='32450'/>
            </attachments>
        </test-case>
        <test-case start='1584889766018' status='failed' stop='1584889766605'>
            <name>Verify  condition of use </name>
            <title>Verify  condition of use </title>
            <labels/>
            <parameters/>
            <steps/>
            <attachments>
                <attachment title='Screenshot' source='52f78aaa-e0f3-47db-918a-f32e8d0f03b3-attachment.png' type='image/png' size='40734'/>
            </attachments>
            <failure>
                <message>Expected 'https://archway-mars-qa.azurewebsites.net/contact-us' to contain 'http://...'.</message>
                <stack-trace>Error: Failed expectation
                    at C:\Users\NareshS\eclipse-workspace\protrract\Mars_Byer\specs\HomePage\HomePage_spec.js:851:55
                    at ManagedPromise.invokeCallback_ (C:\Users\NareshS\AppData\Roaming\npm\node_modules\protractor\node_modules\selenium-webdriver\lib\promise.js:1376:14)
                    at TaskQueue.execute_ (C:\Users\NareshS\AppData\Roaming\npm\node_modules\protractor\node_modules\selenium-webdriver\lib\promise.js:3084:14)
                    at TaskQueue.executeNext_ (C:\Users\NareshS\AppData\Roaming\npm\node_modules\protractor\node_modules\selenium-webdriver\lib\promise.js:3067:27)
                    at C:\Users\NareshS\AppData\Roaming\npm\node_modules\protractor\node_modules\selenium-webdriver\lib\promise.js:2927:27
                    at C:\Users\NareshS\AppData\Roaming\npm\node_modules\protractor\node_modules\selenium-webdriver\lib\promise.js:668:7
                    at runMicrotasks (&lt;anonymous>)
                    at processTicksAndRejections (internal/process/task_queues.js:93:5)</stack-trace>
            </failure>
        </test-case>
        <test-case start='1584889766605' status='passed' stop='1584889769896'>
            <name>should open the first tab</name>
            <title>should open the first tab</title>
            <labels/>
            <parameters/>
            <steps/>
            <attachments>
                <attachment title='Screenshot' source='01f7b743-ab1d-4a9e-9dee-be01aeaa7ccb-attachment.png' type='image/png' size='33098'/>
            </attachments>
        </test-case>
        <test-case start='1584889769896' status='pending' stop='1584889769897'>
            <name>Verify Privacy Plociy</name>
            <title>Verify Privacy Plociy</title>
            <labels/>
            <parameters/>
            <steps/>
            <attachments/>
            <failure>
                <message>Temporarily disabled with xit</message>
                <stack-trace></stack-trace>
            </failure>
        </test-case>
        <test-case start='1584889769897' status='pending' stop='1584889769898'>
            <name>should open the first tab</name>
            <title>should open the first tab</title>
            <labels/>
            <parameters/>
            <steps/>
            <attachments/>
            <failure>
                <message>Temporarily disabled with xit</message>
                <stack-trace></stack-trace>
            </failure>
        </test-case>
    </test-cases>
</ns2:test-suite>