<?xml version='1.0'?>
<ns2:test-suite xmlns:ns2='urn:model.allure.qatools.yandex.ru' start='1585219220915' stop='1585219274704'>
    <name>Add Item to cart by  Quick Add and verify contents present on page </name>
    <title>Add Item to cart by  Quick Add and verify contents present on page </title>
    <test-cases>
        <test-case start='1585219220915' status='passed' stop='1585219229688'>
            <name>Quick Add : Enter product and quantity successfully</name>
            <title>Quick Add : Enter product and quantity successfully</title>
            <labels/>
            <parameters/>
            <steps/>
            <attachments>
                <attachment title='Screenshot' source='4e6c9416-27a4-4500-b1c6-7896c6770321-attachment.png' type='image/png' size='142027'/>
            </attachments>
        </test-case>
        <test-case start='1585219229689' status='failed' stop='1585219236216'>
            <name>verify Sort option is present on Add To Cart screen </name>
            <title>verify Sort option is present on Add To Cart screen </title>
            <labels/>
            <parameters/>
            <steps/>
            <attachments>
                <attachment title='Screenshot' source='06e82c12-e9d7-4b62-a1f8-5b447105786f-attachment.png' type='image/png' size='282545'/>
            </attachments>
            <failure>
                <message>Failed: No element found using locator: By(xpath, //label[@class='pt-1 pr-1 d-none d-md-block'][contains(text(),'Sort By')])</message>
                <stack-trace>NoSuchElementError: No element found using locator: By(xpath, //label[@class='pt-1 pr-1 d-none d-md-block'][contains(text(),'Sort By')])
                    at C:\Users\NareshS\AppData\Roaming\npm\node_modules\protractor\built\element.js:814:27
                    at ManagedPromise.invokeCallback_ (C:\Users\NareshS\AppData\Roaming\npm\node_modules\protractor\node_modules\selenium-webdriver\lib\promise.js:1376:14)
                    at TaskQueue.execute_ (C:\Users\NareshS\AppData\Roaming\npm\node_modules\protractor\node_modules\selenium-webdriver\lib\promise.js:3084:14)
                    at TaskQueue.executeNext_ (C:\Users\NareshS\AppData\Roaming\npm\node_modules\protractor\node_modules\selenium-webdriver\lib\promise.js:3067:27)
                    at C:\Users\NareshS\AppData\Roaming\npm\node_modules\protractor\node_modules\selenium-webdriver\lib\promise.js:2927:27
                    at C:\Users\NareshS\AppData\Roaming\npm\node_modules\protractor\node_modules\selenium-webdriver\lib\promise.js:668:7
                    at processTicksAndRejections (internal/process/task_queues.js:93:5)Error
                    at ElementArrayFinder.applyAction_ (C:\Users\NareshS\AppData\Roaming\npm\node_modules\protractor\built\element.js:459:27)
                    at ElementArrayFinder.&lt;computed> [as isDisplayed] (C:\Users\NareshS\AppData\Roaming\npm\node_modules\protractor\built\element.js:91:29)
                    at ElementFinder.&lt;computed> [as isDisplayed] (C:\Users\NareshS\AppData\Roaming\npm\node_modules\protractor\built\element.js:831:22)
                    at UserContext.&lt;anonymous> (C:\Users\NareshS\eclipse-workspace\protrract\Mars_Byer\specs\AddItem\AddItem_quickadd_spec.js:55:24)
                    at C:\Users\NareshS\AppData\Roaming\npm\node_modules\protractor\node_modules\jasminewd2\index.js:112:25
                    at new ManagedPromise (C:\Users\NareshS\AppData\Roaming\npm\node_modules\protractor\node_modules\selenium-webdriver\lib\promise.js:1077:7)
                    at ControlFlow.promise (C:\Users\NareshS\AppData\Roaming\npm\node_modules\protractor\node_modules\selenium-webdriver\lib\promise.js:2505:12)
                    at schedulerExecute (C:\Users\NareshS\AppData\Roaming\npm\node_modules\protractor\node_modules\jasminewd2\index.js:95:18)
                    at TaskQueue.execute_ (C:\Users\NareshS\AppData\Roaming\npm\node_modules\protractor\node_modules\selenium-webdriver\lib\promise.js:3084:14)
                    at TaskQueue.executeNext_ (C:\Users\NareshS\AppData\Roaming\npm\node_modules\protractor\node_modules\selenium-webdriver\lib\promise.js:3067:27)
                From: Task: Run it("verify Sort option is present on Add To Cart screen ") in control flow
                    at UserContext.&lt;anonymous> (C:\Users\NareshS\AppData\Roaming\npm\node_modules\protractor\node_modules\jasminewd2\index.js:94:19)
                    at attempt (C:\Users\NareshS\AppData\Roaming\npm\node_modules\protractor\node_modules\jasmine-core\lib\jasmine-core\jasmine.js:4297:26)
                    at QueueRunner.run (C:\Users\NareshS\AppData\Roaming\npm\node_modules\protractor\node_modules\jasmine-core\lib\jasmine-core\jasmine.js:4217:20)
                    at runNext (C:\Users\NareshS\AppData\Roaming\npm\node_modules\protractor\node_modules\jasmine-core\lib\jasmine-core\jasmine.js:4257:20)
                    at C:\Users\NareshS\AppData\Roaming\npm\node_modules\protractor\node_modules\jasmine-core\lib\jasmine-core\jasmine.js:4264:13
                    at C:\Users\NareshS\AppData\Roaming\npm\node_modules\protractor\node_modules\jasmine-core\lib\jasmine-core\jasmine.js:4172:9
                    at C:\Users\NareshS\AppData\Roaming\npm\node_modules\protractor\node_modules\jasminewd2\index.js:64:48
                    at ControlFlow.emit (C:\Users\NareshS\AppData\Roaming\npm\node_modules\protractor\node_modules\selenium-webdriver\lib\events.js:62:21)
                    at ControlFlow.shutdown_ (C:\Users\NareshS\AppData\Roaming\npm\node_modules\protractor\node_modules\selenium-webdriver\lib\promise.js:2674:10)
                    at C:\Users\NareshS\AppData\Roaming\npm\node_modules\protractor\node_modules\selenium-webdriver\lib\promise.js:2599:53
                From asynchronous test: 
                Error
                    at Suite.&lt;anonymous> (C:\Users\NareshS\eclipse-workspace\protrract\Mars_Byer\specs\AddItem\AddItem_quickadd_spec.js:48:3)
                    at addSpecsToSuite (C:\Users\NareshS\AppData\Roaming\npm\node_modules\protractor\node_modules\jasmine-core\lib\jasmine-core\jasmine.js:1107:25)
                    at Env.describe (C:\Users\NareshS\AppData\Roaming\npm\node_modules\protractor\node_modules\jasmine-core\lib\jasmine-core\jasmine.js:1074:7)
                    at describe (C:\Users\NareshS\AppData\Roaming\npm\node_modules\protractor\node_modules\jasmine-core\lib\jasmine-core\jasmine.js:4399:18)
                    at Object.&lt;anonymous> (C:\Users\NareshS\eclipse-workspace\protrract\Mars_Byer\specs\AddItem\AddItem_quickadd_spec.js:15:1)
                    at Module._compile (internal/modules/cjs/loader.js:956:30)
                    at Object.Module._extensions..js (internal/modules/cjs/loader.js:973:10)
                    at Module.load (internal/modules/cjs/loader.js:812:32)
                    at Function.Module._load (internal/modules/cjs/loader.js:724:14)</stack-trace>
            </failure>
        </test-case>
        <test-case start='1585219236216' status='failed' stop='1585219243260'>
            <name>verify Refine By text on Add To Cart screen</name>
            <title>verify Refine By text on Add To Cart screen</title>
            <labels/>
            <parameters/>
            <steps/>
            <attachments>
                <attachment title='Screenshot' source='7674fcb5-15d5-4e86-a44a-b000b978567d-attachment.png' type='image/png' size='36697'/>
            </attachments>
            <failure>
                <message>Failed: No element found using locator: By(xpath, //strong[contains(text(),'Refine By')])</message>
                <stack-trace>NoSuchElementError: No element found using locator: By(xpath, //strong[contains(text(),'Refine By')])
                    at C:\Users\NareshS\AppData\Roaming\npm\node_modules\protractor\built\element.js:814:27
                    at ManagedPromise.invokeCallback_ (C:\Users\NareshS\AppData\Roaming\npm\node_modules\protractor\node_modules\selenium-webdriver\lib\promise.js:1376:14)
                    at TaskQueue.execute_ (C:\Users\NareshS\AppData\Roaming\npm\node_modules\protractor\node_modules\selenium-webdriver\lib\promise.js:3084:14)
                    at TaskQueue.executeNext_ (C:\Users\NareshS\AppData\Roaming\npm\node_modules\protractor\node_modules\selenium-webdriver\lib\promise.js:3067:27)
                    at C:\Users\NareshS\AppData\Roaming\npm\node_modules\protractor\node_modules\selenium-webdriver\lib\promise.js:2927:27
                    at C:\Users\NareshS\AppData\Roaming\npm\node_modules\protractor\node_modules\selenium-webdriver\lib\promise.js:668:7
                    at processTicksAndRejections (internal/process/task_queues.js:93:5)Error
                    at ElementArrayFinder.applyAction_ (C:\Users\NareshS\AppData\Roaming\npm\node_modules\protractor\built\element.js:459:27)
                    at ElementArrayFinder.&lt;computed> [as isDisplayed] (C:\Users\NareshS\AppData\Roaming\npm\node_modules\protractor\built\element.js:91:29)
                    at ElementFinder.&lt;computed> [as isDisplayed] (C:\Users\NareshS\AppData\Roaming\npm\node_modules\protractor\built\element.js:831:22)
                    at UserContext.&lt;anonymous> (C:\Users\NareshS\eclipse-workspace\protrract\Mars_Byer\specs\AddItem\AddItem_quickadd_spec.js:80:20)
                    at C:\Users\NareshS\AppData\Roaming\npm\node_modules\protractor\node_modules\jasminewd2\index.js:112:25
                    at new ManagedPromise (C:\Users\NareshS\AppData\Roaming\npm\node_modules\protractor\node_modules\selenium-webdriver\lib\promise.js:1077:7)
                    at ControlFlow.promise (C:\Users\NareshS\AppData\Roaming\npm\node_modules\protractor\node_modules\selenium-webdriver\lib\promise.js:2505:12)
                    at schedulerExecute (C:\Users\NareshS\AppData\Roaming\npm\node_modules\protractor\node_modules\jasminewd2\index.js:95:18)
                    at TaskQueue.execute_ (C:\Users\NareshS\AppData\Roaming\npm\node_modules\protractor\node_modules\selenium-webdriver\lib\promise.js:3084:14)
                    at TaskQueue.executeNext_ (C:\Users\NareshS\AppData\Roaming\npm\node_modules\protractor\node_modules\selenium-webdriver\lib\promise.js:3067:27)
                From: Task: Run it("verify Refine By text on Add To Cart screen") in control flow
                    at UserContext.&lt;anonymous> (C:\Users\NareshS\AppData\Roaming\npm\node_modules\protractor\node_modules\jasminewd2\index.js:94:19)
                    at attempt (C:\Users\NareshS\AppData\Roaming\npm\node_modules\protractor\node_modules\jasmine-core\lib\jasmine-core\jasmine.js:4297:26)
                    at QueueRunner.run (C:\Users\NareshS\AppData\Roaming\npm\node_modules\protractor\node_modules\jasmine-core\lib\jasmine-core\jasmine.js:4217:20)
                    at runNext (C:\Users\NareshS\AppData\Roaming\npm\node_modules\protractor\node_modules\jasmine-core\lib\jasmine-core\jasmine.js:4257:20)
                    at C:\Users\NareshS\AppData\Roaming\npm\node_modules\protractor\node_modules\jasmine-core\lib\jasmine-core\jasmine.js:4264:13
                    at C:\Users\NareshS\AppData\Roaming\npm\node_modules\protractor\node_modules\jasmine-core\lib\jasmine-core\jasmine.js:4172:9
                    at C:\Users\NareshS\AppData\Roaming\npm\node_modules\protractor\node_modules\jasminewd2\index.js:64:48
                    at ControlFlow.emit (C:\Users\NareshS\AppData\Roaming\npm\node_modules\protractor\node_modules\selenium-webdriver\lib\events.js:62:21)
                    at ControlFlow.shutdown_ (C:\Users\NareshS\AppData\Roaming\npm\node_modules\protractor\node_modules\selenium-webdriver\lib\promise.js:2674:10)
                    at C:\Users\NareshS\AppData\Roaming\npm\node_modules\protractor\node_modules\selenium-webdriver\lib\promise.js:2599:53
                From asynchronous test: 
                Error
                    at Suite.&lt;anonymous> (C:\Users\NareshS\eclipse-workspace\protrract\Mars_Byer\specs\AddItem\AddItem_quickadd_spec.js:74:6)
                    at addSpecsToSuite (C:\Users\NareshS\AppData\Roaming\npm\node_modules\protractor\node_modules\jasmine-core\lib\jasmine-core\jasmine.js:1107:25)
                    at Env.describe (C:\Users\NareshS\AppData\Roaming\npm\node_modules\protractor\node_modules\jasmine-core\lib\jasmine-core\jasmine.js:1074:7)
                    at describe (C:\Users\NareshS\AppData\Roaming\npm\node_modules\protractor\node_modules\jasmine-core\lib\jasmine-core\jasmine.js:4399:18)
                    at Object.&lt;anonymous> (C:\Users\NareshS\eclipse-workspace\protrract\Mars_Byer\specs\AddItem\AddItem_quickadd_spec.js:15:1)
                    at Module._compile (internal/modules/cjs/loader.js:956:30)
                    at Object.Module._extensions..js (internal/modules/cjs/loader.js:973:10)
                    at Module.load (internal/modules/cjs/loader.js:812:32)
                    at Function.Module._load (internal/modules/cjs/loader.js:724:14)</stack-trace>
            </failure>
        </test-case>
        <test-case start='1585219243260' status='passed' stop='1585219246389'>
            <name>verify My Favorites link</name>
            <title>verify My Favorites link</title>
            <labels/>
            <parameters/>
            <steps/>
            <attachments>
                <attachment title='Screenshot' source='b91b74f8-57cd-4b69-901b-822a1276048f-attachment.png' type='image/png' size='92512'/>
            </attachments>
        </test-case>
        <test-case start='1585219246389' status='passed' stop='1585219246850'>
            <name>Verify Quick Add Header label text</name>
            <title>Verify Quick Add Header label text</title>
            <labels/>
            <parameters/>
            <steps/>
            <attachments>
                <attachment title='Screenshot' source='4956d4f0-f6c7-4363-b310-66744c148474-attachment.png' type='image/png' size='101571'/>
            </attachments>
        </test-case>
        <test-case start='1585219246850' status='passed' stop='1585219247316'>
            <name>Verify lable of item </name>
            <title>Verify lable of item </title>
            <labels/>
            <parameters/>
            <steps/>
            <attachments>
                <attachment title='Screenshot' source='ada3cea5-5ec3-460c-abab-a5424505e87b-attachment.png' type='image/png' size='103185'/>
            </attachments>
        </test-case>
        <test-case start='1585219247316' status='passed' stop='1585219247761'>
            <name>Verify lable of qty </name>
            <title>Verify lable of qty </title>
            <labels/>
            <parameters/>
            <steps/>
            <attachments>
                <attachment title='Screenshot' source='58f34803-fdb0-4e41-af53-2d3b8fa2186f-attachment.png' type='image/png' size='103208'/>
            </attachments>
        </test-case>
        <test-case start='1585219247761' status='passed' stop='1585219248162'>
            <name>TC_004:Verify Add to Cart button is present on the page</name>
            <title>TC_004:Verify Add to Cart button is present on the page</title>
            <labels/>
            <parameters/>
            <steps/>
            <attachments>
                <attachment title='Screenshot' source='9a8c22a2-770a-42ea-9896-74f77dab1028-attachment.png' type='image/png' size='103255'/>
            </attachments>
        </test-case>
        <test-case start='1585219248162' status='passed' stop='1585219274702'>
            <name>Verify Add item and Quantity and click on checkout</name>
            <title>Verify Add item and Quantity and click on checkout</title>
            <labels/>
            <parameters/>
            <steps/>
            <attachments>
                <attachment title='Screenshot' source='e2837b57-2938-4369-ac7d-f0c9fbac9c77-attachment.png' type='image/png' size='97029'/>
            </attachments>
        </test-case>
        <test-case start='1585219274702' status='pending' stop='1585219274703'>
            <name>Check if Item added properly by counter</name>
            <title>Check if Item added properly by counter</title>
            <labels/>
            <parameters/>
            <steps/>
            <attachments/>
            <failure>
                <message>Temporarily disabled with xit</message>
                <stack-trace></stack-trace>
            </failure>
        </test-case>
        <test-case start='1585219274703' status='pending' stop='1585219274704'>
            <name>click on cart</name>
            <title>click on cart</title>
            <labels/>
            <parameters/>
            <steps/>
            <attachments/>
            <failure>
                <message>Temporarily disabled with xit</message>
                <stack-trace></stack-trace>
            </failure>
        </test-case>
    </test-cases>
</ns2:test-suite>