<?xml version='1.0'?>
<ns2:test-suite xmlns:ns2='urn:model.allure.qatools.yandex.ru' start='1584984309013' stop='1584984310592'>
    <name>Add Item by List Verify Item/product specification</name>
    <title>Add Item by List Verify Item/product specification</title>
    <test-cases>
        <test-case start='1584984309013' status='failed' stop='1584984309615'>
            <name>map</name>
            <title>map</title>
            <labels/>
            <parameters/>
            <steps/>
            <attachments>
                <attachment title='Screenshot' source='e183f711-c108-4554-aa14-d2fd00767108-attachment.png' type='image/png' size='163188'/>
            </attachments>
            <failure>
                <message>Expected $.length = 8 to equal 2.
                Expected $[0].text = 'UOM Quantity: 1' to equal 'UOM Quantity'.
                Expected $[1].text = 'UOM Description: EACH = 1 SHEET' to equal 'UOM Description'.
                Expected $[2] = Object({ index: 2, text: 'Status : Available' }) to equal undefined.
                Expected $[3] = Object({ index: 3, text: 'Available Qty : 1015' }) to equal undefined.
                Expected $[4] = Object({ index: 4, text: 'Length: 11' }) to equal undefined.
                Expected $[5] = Object({ index: 5, text: 'Height: 0.01' }) to equal undefined.
                Expected $[6] = Object({ index: 6, text: 'Width: 8.5' }) to equal undefined.
                Expected $[7] = Object({ index: 7, text: 'Weight: 0.01' }) to equal undefined.</message>
                <stack-trace>Error: Failed expectation
                    at UserContext.&lt;anonymous> (C:\Users\NareshS\eclipse-workspace\protrract\Mars_Byer\specs\AddItem\AddItemByList_spec.js:222:16)
                    at C:\Users\NareshS\AppData\Roaming\npm\node_modules\protractor\node_modules\jasminewd2\index.js:112:25
                    at new ManagedPromise (C:\Users\NareshS\AppData\Roaming\npm\node_modules\protractor\node_modules\selenium-webdriver\lib\promise.js:1077:7)
                    at ControlFlow.promise (C:\Users\NareshS\AppData\Roaming\npm\node_modules\protractor\node_modules\selenium-webdriver\lib\promise.js:2505:12)
                    at schedulerExecute (C:\Users\NareshS\AppData\Roaming\npm\node_modules\protractor\node_modules\jasminewd2\index.js:95:18)
                    at TaskQueue.execute_ (C:\Users\NareshS\AppData\Roaming\npm\node_modules\protractor\node_modules\selenium-webdriver\lib\promise.js:3084:14)
                    at TaskQueue.executeNext_ (C:\Users\NareshS\AppData\Roaming\npm\node_modules\protractor\node_modules\selenium-webdriver\lib\promise.js:3067:27)
                    at C:\Users\NareshS\AppData\Roaming\npm\node_modules\protractor\node_modules\selenium-webdriver\lib\promise.js:2974:25
                    at C:\Users\NareshS\AppData\Roaming\npm\node_modules\protractor\node_modules\selenium-webdriver\lib\promise.js:668:7</stack-trace>
            </failure>
        </test-case>
        <test-case start='1584984309615' status='pending' stop='1584984309616'>
            <name>all items</name>
            <title>all items</title>
            <labels/>
            <parameters/>
            <steps/>
            <attachments/>
            <failure>
                <message>Temporarily disabled with xit</message>
                <stack-trace></stack-trace>
            </failure>
        </test-case>
        <test-case start='1584984309616' status='passed' stop='1584984310111'>
            <name>verify UOM element of product description</name>
            <title>verify UOM element of product description</title>
            <labels/>
            <parameters/>
            <steps/>
            <attachments>
                <attachment title='Screenshot' source='b16e083a-ac61-4e20-b383-10406fb1190f-attachment.png' type='image/png' size='163235'/>
            </attachments>
        </test-case>
        <test-case start='1584984310112' status='passed' stop='1584984310589'>
            <name>verify Status  of product description</name>
            <title>verify Status  of product description</title>
            <labels/>
            <parameters/>
            <steps/>
            <attachments>
                <attachment title='Screenshot' source='7d2f7646-5675-436c-8f31-9e21c65060ef-attachment.png' type='image/png' size='164021'/>
            </attachments>
        </test-case>
    </test-cases>
</ns2:test-suite>